
Options: -S 1 -M 2 -N 5 -C 1.0 -P POSTPRUNED 

Best-First Decision Tree

Gender < 0.5
|  Class.3 < 0.5
|  |  Child < 0.5
|  |  |  Fare < 28.85625: 1(62.0/7.0)
|  |  |  Fare >= 28.85625
|  |  |  |  Parch < 1.5: 1(84.0/0.0)
|  |  |  |  Parch >= 1.5
|  |  |  |  |  Fare < 135.775: 1(9.0/0.0)
|  |  |  |  |  Fare >= 135.775: 1(5.0/1.0)
|  |  Child >= 0.5: 0(1.0/1.0)
|  Class.3 >= 0.5
|  |  Fare < 23.35
|  |  |  Embarked.S < 0.5
|  |  |  |  Fare < 15.62085
|  |  |  |  |  Fare < 13.93545: 1(25.0/7.0)
|  |  |  |  |  Fare >= 13.93545
|  |  |  |  |  |  Fare < 15.3729
|  |  |  |  |  |  |  Parch < 1.5
|  |  |  |  |  |  |  |  SibSp < 0.5: 0(3.0/0.0)
|  |  |  |  |  |  |  |  SibSp >= 0.5
|  |  |  |  |  |  |  |  |  Fare < 14.45625: 0(2.0/1.0)
|  |  |  |  |  |  |  |  |  Fare >= 14.45625: 0(2.0/0.0)
|  |  |  |  |  |  |  Parch >= 1.5: 0(1.0/1.0)
|  |  |  |  |  |  Fare >= 15.3729: 1(3.0/1.0)
|  |  |  |  Fare >= 15.62085: 1(8.0/0.0)
|  |  |  Embarked.S >= 0.5
|  |  |  |  Fare < 10.825
|  |  |  |  |  Fare < 7.9875
|  |  |  |  |  |  Fare < 7.5229: 1(2.0/0.0)
|  |  |  |  |  |  Fare >= 7.5229: 0(9.0/9.0)
|  |  |  |  |  Fare >= 7.9875
|  |  |  |  |  |  SibSp < 0.5
|  |  |  |  |  |  |  Fare < 8.6729: 0(4.0/0.0)
|  |  |  |  |  |  |  Fare >= 8.6729
|  |  |  |  |  |  |  |  Fare < 10.1521: 1(4.0/3.0)
|  |  |  |  |  |  |  |  Fare >= 10.1521: 0(2.0/0.0)
|  |  |  |  |  |  SibSp >= 0.5: 0(4.0/0.0)
|  |  |  |  Fare >= 10.825
|  |  |  |  |  Fare < 17.6
|  |  |  |  |  |  SibSp < 0.5: 1(6.0/0.0)
|  |  |  |  |  |  SibSp >= 0.5
|  |  |  |  |  |  |  Fare < 15.175: 0(2.0/1.0)
|  |  |  |  |  |  |  Fare >= 15.175
|  |  |  |  |  |  |  |  Fare < 15.975: 1(2.0/0.0)
|  |  |  |  |  |  |  |  Fare >= 15.975
|  |  |  |  |  |  |  |  |  Fare < 16.4: 1(2.0/1.0)
|  |  |  |  |  |  |  |  |  Fare >= 16.4: 1(2.0/0.0)
|  |  |  |  |  Fare >= 17.6
|  |  |  |  |  |  Fare < 20.23125: 0(4.0/0.0)
|  |  |  |  |  |  Fare >= 20.23125
|  |  |  |  |  |  |  SibSp < 2.0: 1(3.0/1.0)
|  |  |  |  |  |  |  SibSp >= 2.0: 0(2.0/0.0)
|  |  Fare >= 23.35: 0(24.0/3.0)
Gender >= 0.5
|  Fare < 26.26875
|  |  Parch < 0.5
|  |  |  Embarked.C < 0.5
|  |  |  |  Fare < 7.74585
|  |  |  |  |  Fare < 7.19585: 0(37.0/3.0)
|  |  |  |  |  Fare >= 7.19585: 0(27.0/0.0)
|  |  |  |  Fare >= 7.74585
|  |  |  |  |  Fare < 13.25: 0(194.0/27.0)
|  |  |  |  |  Fare >= 13.25: 0(48.0/2.0)
|  |  |  Embarked.C >= 0.5
|  |  |  |  Fare < 7.2271
|  |  |  |  |  Adult < 0.5: 0(5.0/0.0)
|  |  |  |  |  Adult >= 0.5
|  |  |  |  |  |  Fare < 6.83125: 0(2.0/0.0)
|  |  |  |  |  |  Fare >= 6.83125: 0(4.0/1.0)
|  |  |  |  Fare >= 7.2271
|  |  |  |  |  Fare < 14.15835
|  |  |  |  |  |  Fare < 9.9771
|  |  |  |  |  |  |  Fare < 8.27915
|  |  |  |  |  |  |  |  Adult < 0.5
|  |  |  |  |  |  |  |  |  Fare < 7.5625: 0(5.0/1.0)
|  |  |  |  |  |  |  |  |  Fare >= 7.5625: 0(2.0/0.0)
|  |  |  |  |  |  |  |  Adult >= 0.5
|  |  |  |  |  |  |  |  |  Fare < 7.5625: 0(4.0/1.0)
|  |  |  |  |  |  |  |  |  Fare >= 7.5625: 0(2.0/1.0)
|  |  |  |  |  |  |  Fare >= 8.27915: 0(2.0/0.0)
|  |  |  |  |  |  Fare >= 9.9771: 1(2.0/1.0)
|  |  |  |  |  Fare >= 14.15835
|  |  |  |  |  |  Fare < 16.91875: 0(5.0/0.0)
|  |  |  |  |  |  Fare >= 16.91875
|  |  |  |  |  |  |  SibSp < 0.5: 0(1.0/1.0)
|  |  |  |  |  |  |  SibSp >= 0.5: 0(2.0/0.0)
|  |  Parch >= 0.5
|  |  |  Child < 0.5
|  |  |  |  Fare < 19.48125
|  |  |  |  |  Fare < 14.8729
|  |  |  |  |  |  Fare < 9.76875: 0(4.0/0.0)
|  |  |  |  |  |  Fare >= 9.76875
|  |  |  |  |  |  |  Fare < 13.4375: 1(2.0/1.0)
|  |  |  |  |  |  |  Fare >= 13.4375: 0(2.0/0.0)
|  |  |  |  |  Fare >= 14.8729: 1(6.0/2.0)
|  |  |  |  Fare >= 19.48125
|  |  |  |  |  SibSp < 0.5: 0(1.0/1.0)
|  |  |  |  |  SibSp >= 0.5
|  |  |  |  |  |  Class.2 < 0.5: 0(7.0/0.0)
|  |  |  |  |  |  Class.2 >= 0.5: 0(2.0/1.0)
|  |  |  Child >= 0.5: 1(5.0/1.0)
|  Fare >= 26.26875
|  |  SibSp < 2.5
|  |  |  Fare < 26.46875: 1(4.0/0.0)
|  |  |  Fare >= 26.46875
|  |  |  |  Child < 0.5
|  |  |  |  |  Class.2 < 0.5
|  |  |  |  |  |  Fare < 387.6646
|  |  |  |  |  |  |  Fare < 134.64165
|  |  |  |  |  |  |  |  Fare < 116.6375
|  |  |  |  |  |  |  |  |  Fare < 52.2771
|  |  |  |  |  |  |  |  |  |  Fare < 30.5979
|  |  |  |  |  |  |  |  |  |  |  Fare < 29.85
|  |  |  |  |  |  |  |  |  |  |  |  Fare < 27.1354: 0(7.0/7.0)
|  |  |  |  |  |  |  |  |  |  |  |  Fare >= 27.1354
|  |  |  |  |  |  |  |  |  |  |  |  |  Fare < 29.1: 0(6.0/0.0)
|  |  |  |  |  |  |  |  |  |  |  |  |  Fare >= 29.1: 0(2.0/1.0)
|  |  |  |  |  |  |  |  |  |  |  Fare >= 29.85
|  |  |  |  |  |  |  |  |  |  |  |  Embarked.C < 0.5
|  |  |  |  |  |  |  |  |  |  |  |  |  Adult < 0.5: 1(2.0/0.0)
|  |  |  |  |  |  |  |  |  |  |  |  |  Adult >= 0.5
|  |  |  |  |  |  |  |  |  |  |  |  |  |  Fare < 30.25: 0(1.0/1.0)
|  |  |  |  |  |  |  |  |  |  |  |  |  |  Fare >= 30.25: 1(2.0/1.0)
|  |  |  |  |  |  |  |  |  |  |  |  Embarked.C >= 0.5: 1(2.0/0.0)
|  |  |  |  |  |  |  |  |  |  Fare >= 30.5979
|  |  |  |  |  |  |  |  |  |  |  Fare < 37.0
|  |  |  |  |  |  |  |  |  |  |  |  Fare < 35.25
|  |  |  |  |  |  |  |  |  |  |  |  |  Fare < 31.1375
|  |  |  |  |  |  |  |  |  |  |  |  |  |  Fare < 30.8479: 0(2.0/0.0)
|  |  |  |  |  |  |  |  |  |  |  |  |  |  Fare >= 30.8479: 0(1.0/1.0)
|  |  |  |  |  |  |  |  |  |  |  |  |  Fare >= 31.1375: 0(7.0/0.0)
|  |  |  |  |  |  |  |  |  |  |  |  Fare >= 35.25: 1(3.0/1.0)
|  |  |  |  |  |  |  |  |  |  |  Fare >= 37.0
|  |  |  |  |  |  |  |  |  |  |  |  SibSp < 0.5: 0(11.0/0.0)
|  |  |  |  |  |  |  |  |  |  |  |  SibSp >= 0.5: 0(2.0/1.0)
|  |  |  |  |  |  |  |  |  Fare >= 52.2771
|  |  |  |  |  |  |  |  |  |  Fare < 59.0875
|  |  |  |  |  |  |  |  |  |  |  Fare < 52.8271: 1(2.0/0.0)
|  |  |  |  |  |  |  |  |  |  |  Fare >= 52.8271
|  |  |  |  |  |  |  |  |  |  |  |  Fare < 56.1979: 0(3.0/2.0)
|  |  |  |  |  |  |  |  |  |  |  |  Fare >= 56.1979
|  |  |  |  |  |  |  |  |  |  |  |  |  SibSp < 0.5
|  |  |  |  |  |  |  |  |  |  |  |  |  |  Adult < 0.5: 1(2.0/1.0)
|  |  |  |  |  |  |  |  |  |  |  |  |  |  Adult >= 0.5: 1(3.0/1.0)
|  |  |  |  |  |  |  |  |  |  |  |  |  SibSp >= 0.5: 1(2.0/0.0)
|  |  |  |  |  |  |  |  |  |  Fare >= 59.0875
|  |  |  |  |  |  |  |  |  |  |  Embarked.C < 0.5: 0(9.0/2.0)
|  |  |  |  |  |  |  |  |  |  |  Embarked.C >= 0.5
|  |  |  |  |  |  |  |  |  |  |  |  Fare < 62.66875: 0(2.0/0.0)
|  |  |  |  |  |  |  |  |  |  |  |  Fare >= 62.66875
|  |  |  |  |  |  |  |  |  |  |  |  |  Fare < 77.9646: 1(3.0/0.0)
|  |  |  |  |  |  |  |  |  |  |  |  |  Fare >= 77.9646
|  |  |  |  |  |  |  |  |  |  |  |  |  |  Fare < 98.7521
|  |  |  |  |  |  |  |  |  |  |  |  |  |  |  SibSp < 0.5: 0(2.0/0.0)
|  |  |  |  |  |  |  |  |  |  |  |  |  |  |  SibSp >= 0.5
|  |  |  |  |  |  |  |  |  |  |  |  |  |  |  |  Fare < 85.6375: 0(1.0/1.0)
|  |  |  |  |  |  |  |  |  |  |  |  |  |  |  |  Fare >= 85.6375: 1(2.0/0.0)
|  |  |  |  |  |  |  |  |  |  |  |  |  |  Fare >= 98.7521
|  |  |  |  |  |  |  |  |  |  |  |  |  |  |  SibSp < 0.5: 0(1.0/1.0)
|  |  |  |  |  |  |  |  |  |  |  |  |  |  |  SibSp >= 0.5: 0(3.0/0.0)
|  |  |  |  |  |  |  |  Fare >= 116.6375: 1(3.0/0.0)
|  |  |  |  |  |  |  Fare >= 134.64165: 0(7.0/0.0)
|  |  |  |  |  |  Fare >= 387.6646: 1(2.0/0.0)
|  |  |  |  |  Class.2 >= 0.5
|  |  |  |  |  |  Parch < 0.5: 0(8.0/0.0)
|  |  |  |  |  |  Parch >= 0.5
|  |  |  |  |  |  |  Fare < 36.8771
|  |  |  |  |  |  |  |  Fare < 34.875: 0(2.0/0.0)
|  |  |  |  |  |  |  |  Fare >= 34.875: 0(1.0/1.0)
|  |  |  |  |  |  |  Fare >= 36.8771: 0(3.0/0.0)
|  |  |  |  Child >= 0.5: 1(4.0/0.0)
|  |  SibSp >= 2.5
|  |  |  Fare < 35.5375
|  |  |  |  Fare < 31.33125: 0(7.0/0.0)
|  |  |  |  Fare >= 31.33125: 0(1.0/1.0)
|  |  |  Fare >= 35.5375: 0(14.0/0.0)

Size of the Tree: 177

Number of Leaf Nodes: 89

Time taken to build model: 0.75 seconds
Time taken to test model on training data: 0.01 seconds

=== Error on training data ===

Correctly Classified Instances         787               88.3277 %
Incorrectly Classified Instances       104               11.6723 %
Kappa statistic                          0.7471
Mean absolute error                      0.1713
Root mean squared error                  0.2926
Relative absolute error                 36.206  %
Root relative squared error             60.1752 %
Total Number of Instances              891     


=== Confusion Matrix ===

   a   b   <-- classified as
 519  30 |   a = 0
  74 268 |   b = 1



=== Stratified cross-validation ===

Correctly Classified Instances         714               80.1347 %
Incorrectly Classified Instances       177               19.8653 %
Kappa statistic                          0.5619
Mean absolute error                      0.2572
Root mean squared error                  0.393 
Relative absolute error                 54.3758 %
Root relative squared error             80.8171 %
Total Number of Instances              891     


=== Confusion Matrix ===

   a   b   <-- classified as
 498  51 |   a = 0
 126 216 |   b = 1

