Number of merges: 191
Number of splits: 174
Number of clusters: 153

node 0 [891]
|   node 1 [546]
|   |   leaf 2 [271]
|   node 1 [546]
|   |   node 3 [275]
|   |   |   leaf 4 [62]
|   |   node 3 [275]
|   |   |   node 5 [35]
|   |   |   |   leaf 6 [7]
|   |   |   node 5 [35]
|   |   |   |   leaf 7 [4]
|   |   |   node 5 [35]
|   |   |   |   node 8 [19]
|   |   |   |   |   leaf 9 [4]
|   |   |   |   node 8 [19]
|   |   |   |   |   node 10 [12]
|   |   |   |   |   |   leaf 11 [1]
|   |   |   |   |   node 10 [12]
|   |   |   |   |   |   leaf 12 [5]
|   |   |   |   |   node 10 [12]
|   |   |   |   |   |   node 13 [6]
|   |   |   |   |   |   |   leaf 14 [5]
|   |   |   |   |   |   node 13 [6]
|   |   |   |   |   |   |   leaf 15 [1]
|   |   |   |   node 8 [19]
|   |   |   |   |   leaf 16 [3]
|   |   |   node 5 [35]
|   |   |   |   node 17 [5]
|   |   |   |   |   node 18 [3]
|   |   |   |   |   |   leaf 19 [1]
|   |   |   |   |   node 18 [3]
|   |   |   |   |   |   leaf 20 [1]
|   |   |   |   |   node 18 [3]
|   |   |   |   |   |   leaf 21 [1]
|   |   |   |   node 17 [5]
|   |   |   |   |   leaf 22 [1]
|   |   |   |   node 17 [5]
|   |   |   |   |   leaf 23 [1]
|   |   node 3 [275]
|   |   |   node 24 [178]
|   |   |   |   node 25 [44]
|   |   |   |   |   leaf 26 [43]
|   |   |   |   node 25 [44]
|   |   |   |   |   leaf 27 [1]
|   |   |   node 24 [178]
|   |   |   |   node 28 [134]
|   |   |   |   |   leaf 29 [14]
|   |   |   |   node 28 [134]
|   |   |   |   |   node 30 [13]
|   |   |   |   |   |   leaf 31 [12]
|   |   |   |   |   node 30 [13]
|   |   |   |   |   |   leaf 32 [1]
|   |   |   |   node 28 [134]
|   |   |   |   |   leaf 33 [10]
|   |   |   |   node 28 [134]
|   |   |   |   |   node 34 [9]
|   |   |   |   |   |   leaf 35 [7]
|   |   |   |   |   node 34 [9]
|   |   |   |   |   |   leaf 36 [1]
|   |   |   |   |   node 34 [9]
|   |   |   |   |   |   leaf 37 [1]
|   |   |   |   node 28 [134]
|   |   |   |   |   leaf 38 [6]
|   |   |   |   node 28 [134]
|   |   |   |   |   node 39 [6]
|   |   |   |   |   |   leaf 40 [4]
|   |   |   |   |   node 39 [6]
|   |   |   |   |   |   leaf 41 [2]
|   |   |   |   node 28 [134]
|   |   |   |   |   leaf 42 [10]
|   |   |   |   node 28 [134]
|   |   |   |   |   node 43 [3]
|   |   |   |   |   |   leaf 44 [2]
|   |   |   |   |   node 43 [3]
|   |   |   |   |   |   leaf 45 [1]
|   |   |   |   node 28 [134]
|   |   |   |   |   node 46 [9]
|   |   |   |   |   |   leaf 47 [8]
|   |   |   |   |   node 46 [9]
|   |   |   |   |   |   leaf 48 [1]
|   |   |   |   node 28 [134]
|   |   |   |   |   node 49 [50]
|   |   |   |   |   |   leaf 50 [9]
|   |   |   |   |   node 49 [50]
|   |   |   |   |   |   node 51 [3]
|   |   |   |   |   |   |   leaf 52 [2]
|   |   |   |   |   |   node 51 [3]
|   |   |   |   |   |   |   leaf 53 [1]
|   |   |   |   |   node 49 [50]
|   |   |   |   |   |   leaf 54 [1]
|   |   |   |   |   node 49 [50]
|   |   |   |   |   |   node 55 [34]
|   |   |   |   |   |   |   leaf 56 [2]
|   |   |   |   |   |   node 55 [34]
|   |   |   |   |   |   |   leaf 57 [2]
|   |   |   |   |   |   node 55 [34]
|   |   |   |   |   |   |   leaf 58 [1]
|   |   |   |   |   |   node 55 [34]
|   |   |   |   |   |   |   leaf 59 [1]
|   |   |   |   |   |   node 55 [34]
|   |   |   |   |   |   |   leaf 60 [1]
|   |   |   |   |   |   node 55 [34]
|   |   |   |   |   |   |   leaf 61 [1]
|   |   |   |   |   |   node 55 [34]
|   |   |   |   |   |   |   leaf 62 [1]
|   |   |   |   |   |   node 55 [34]
|   |   |   |   |   |   |   leaf 63 [1]
|   |   |   |   |   |   node 55 [34]
|   |   |   |   |   |   |   node 64 [3]
|   |   |   |   |   |   |   |   leaf 65 [1]
|   |   |   |   |   |   |   node 64 [3]
|   |   |   |   |   |   |   |   leaf 66 [1]
|   |   |   |   |   |   |   node 64 [3]
|   |   |   |   |   |   |   |   leaf 67 [1]
|   |   |   |   |   |   node 55 [34]
|   |   |   |   |   |   |   leaf 68 [1]
|   |   |   |   |   |   node 55 [34]
|   |   |   |   |   |   |   leaf 69 [1]
|   |   |   |   |   |   node 55 [34]
|   |   |   |   |   |   |   leaf 70 [5]
|   |   |   |   |   |   node 55 [34]
|   |   |   |   |   |   |   leaf 71 [1]
|   |   |   |   |   |   node 55 [34]
|   |   |   |   |   |   |   node 72 [2]
|   |   |   |   |   |   |   |   leaf 73 [1]
|   |   |   |   |   |   |   node 72 [2]
|   |   |   |   |   |   |   |   leaf 74 [1]
|   |   |   |   |   |   node 55 [34]
|   |   |   |   |   |   |   node 75 [6]
|   |   |   |   |   |   |   |   leaf 76 [2]
|   |   |   |   |   |   |   node 75 [6]
|   |   |   |   |   |   |   |   leaf 77 [4]
|   |   |   |   |   |   node 55 [34]
|   |   |   |   |   |   |   leaf 78 [3]
|   |   |   |   |   |   node 55 [34]
|   |   |   |   |   |   |   node 79 [2]
|   |   |   |   |   |   |   |   leaf 80 [1]
|   |   |   |   |   |   |   node 79 [2]
|   |   |   |   |   |   |   |   leaf 81 [1]
|   |   |   |   |   node 49 [50]
|   |   |   |   |   |   leaf 82 [3]
|   |   |   |   node 28 [134]
|   |   |   |   |   node 83 [4]
|   |   |   |   |   |   leaf 84 [1]
|   |   |   |   |   node 83 [4]
|   |   |   |   |   |   leaf 85 [1]
|   |   |   |   |   node 83 [4]
|   |   |   |   |   |   leaf 86 [1]
|   |   |   |   |   node 83 [4]
|   |   |   |   |   |   leaf 87 [1]
node 0 [891]
|   node 88 [345]
|   |   leaf 89 [38]
|   node 88 [345]
|   |   leaf 90 [70]
|   node 88 [345]
|   |   leaf 91 [2]
|   node 88 [345]
|   |   node 92 [194]
|   |   |   leaf 93 [23]
|   |   node 92 [194]
|   |   |   node 94 [23]
|   |   |   |   leaf 95 [13]
|   |   |   node 94 [23]
|   |   |   |   leaf 96 [10]
|   |   node 92 [194]
|   |   |   leaf 97 [15]
|   |   node 92 [194]
|   |   |   leaf 98 [1]
|   |   node 92 [194]
|   |   |   leaf 99 [16]
|   |   node 92 [194]
|   |   |   node 100 [116]
|   |   |   |   leaf 101 [12]
|   |   |   node 100 [116]
|   |   |   |   node 102 [87]
|   |   |   |   |   leaf 103 [6]
|   |   |   |   node 102 [87]
|   |   |   |   |   leaf 104 [4]
|   |   |   |   node 102 [87]
|   |   |   |   |   leaf 105 [1]
|   |   |   |   node 102 [87]
|   |   |   |   |   leaf 106 [2]
|   |   |   |   node 102 [87]
|   |   |   |   |   node 107 [5]
|   |   |   |   |   |   leaf 108 [2]
|   |   |   |   |   node 107 [5]
|   |   |   |   |   |   leaf 109 [2]
|   |   |   |   |   node 107 [5]
|   |   |   |   |   |   leaf 110 [1]
|   |   |   |   node 102 [87]
|   |   |   |   |   node 111 [4]
|   |   |   |   |   |   leaf 112 [1]
|   |   |   |   |   node 111 [4]
|   |   |   |   |   |   leaf 113 [2]
|   |   |   |   |   node 111 [4]
|   |   |   |   |   |   leaf 114 [1]
|   |   |   |   node 102 [87]
|   |   |   |   |   leaf 115 [2]
|   |   |   |   node 102 [87]
|   |   |   |   |   node 116 [4]
|   |   |   |   |   |   leaf 117 [2]
|   |   |   |   |   node 116 [4]
|   |   |   |   |   |   leaf 118 [1]
|   |   |   |   |   node 116 [4]
|   |   |   |   |   |   leaf 119 [1]
|   |   |   |   node 102 [87]
|   |   |   |   |   leaf 120 [3]
|   |   |   |   node 102 [87]
|   |   |   |   |   node 121 [4]
|   |   |   |   |   |   leaf 122 [3]
|   |   |   |   |   node 121 [4]
|   |   |   |   |   |   leaf 123 [1]
|   |   |   |   node 102 [87]
|   |   |   |   |   leaf 124 [4]
|   |   |   |   node 102 [87]
|   |   |   |   |   leaf 125 [5]
|   |   |   |   node 102 [87]
|   |   |   |   |   leaf 126 [7]
|   |   |   |   node 102 [87]
|   |   |   |   |   leaf 127 [3]
|   |   |   |   node 102 [87]
|   |   |   |   |   node 128 [7]
|   |   |   |   |   |   leaf 129 [5]
|   |   |   |   |   node 128 [7]
|   |   |   |   |   |   leaf 130 [2]
|   |   |   |   node 102 [87]
|   |   |   |   |   node 131 [3]
|   |   |   |   |   |   leaf 132 [1]
|   |   |   |   |   node 131 [3]
|   |   |   |   |   |   leaf 133 [1]
|   |   |   |   |   node 131 [3]
|   |   |   |   |   |   leaf 134 [1]
|   |   |   |   node 102 [87]
|   |   |   |   |   leaf 135 [6]
|   |   |   |   node 102 [87]
|   |   |   |   |   node 136 [17]
|   |   |   |   |   |   leaf 137 [1]
|   |   |   |   |   node 136 [17]
|   |   |   |   |   |   leaf 138 [1]
|   |   |   |   |   node 136 [17]
|   |   |   |   |   |   leaf 139 [1]
|   |   |   |   |   node 136 [17]
|   |   |   |   |   |   leaf 140 [3]
|   |   |   |   |   node 136 [17]
|   |   |   |   |   |   leaf 141 [1]
|   |   |   |   |   node 136 [17]
|   |   |   |   |   |   leaf 142 [3]
|   |   |   |   |   node 136 [17]
|   |   |   |   |   |   leaf 143 [2]
|   |   |   |   |   node 136 [17]
|   |   |   |   |   |   node 144 [2]
|   |   |   |   |   |   |   leaf 145 [1]
|   |   |   |   |   |   node 144 [2]
|   |   |   |   |   |   |   leaf 146 [1]
|   |   |   |   |   node 136 [17]
|   |   |   |   |   |   leaf 147 [2]
|   |   |   |   |   node 136 [17]
|   |   |   |   |   |   leaf 148 [1]
|   |   |   node 100 [116]
|   |   |   |   node 149 [17]
|   |   |   |   |   leaf 150 [10]
|   |   |   |   node 149 [17]
|   |   |   |   |   leaf 151 [7]
|   node 88 [345]
|   |   leaf 152 [41]



=== Clustering stats for training data ===

Clustered Instances
  2      271 ( 30%)
  4       55 (  6%)
  6        1 (  0%)
  7        7 (  1%)
  9        5 (  1%)
 11        2 (  0%)
 12        6 (  1%)
 14        4 (  0%)
 17        8 (  1%)
 18        2 (  0%)
 19        2 (  0%)
 20        3 (  0%)
 21        1 (  0%)
 22        2 (  0%)
 25        4 (  0%)
 26       37 (  4%)
 29       15 (  2%)
 31       19 (  2%)
 32        1 (  0%)
 33       10 (  1%)
 35        6 (  1%)
 36        1 (  0%)
 38        5 (  1%)
 40        6 (  1%)
 42       16 (  2%)
 44        5 (  1%)
 47        7 (  1%)
 48        1 (  0%)
 50        7 (  1%)
 53        1 (  0%)
 57        2 (  0%)
 58        1 (  0%)
 59        2 (  0%)
 60        1 (  0%)
 61        1 (  0%)
 62        1 (  0%)
 63        1 (  0%)
 64        1 (  0%)
 65        1 (  0%)
 66        1 (  0%)
 67        1 (  0%)
 68        1 (  0%)
 70        8 (  1%)
 71        1 (  0%)
 72        1 (  0%)
 73        1 (  0%)
 76        2 (  0%)
 77        3 (  0%)
 78        3 (  0%)
 80        1 (  0%)
 81        2 (  0%)
 82        3 (  0%)
 89       35 (  4%)
 90       75 (  8%)
 93       22 (  2%)
 95       17 (  2%)
 96        2 (  0%)
 97       15 (  2%)
 99       16 (  2%)
101       11 (  1%)
103        6 (  1%)
104        4 (  0%)
106        2 (  0%)
108        1 (  0%)
109        2 (  0%)
110        2 (  0%)
112        1 (  0%)
113        2 (  0%)
114        1 (  0%)
115        2 (  0%)
117        2 (  0%)
118        1 (  0%)
119        1 (  0%)
120        3 (  0%)
122        3 (  0%)
123        1 (  0%)
124        4 (  0%)
125        5 (  1%)
126        7 (  1%)
127        3 (  0%)
129        5 (  1%)
130        2 (  0%)
133        1 (  0%)
135        6 (  1%)
136        1 (  0%)
137        2 (  0%)
138        1 (  0%)
139        1 (  0%)
140        3 (  0%)
142        3 (  0%)
143        2 (  0%)
145        1 (  0%)
146        1 (  0%)
147        2 (  0%)
148        1 (  0%)
150       12 (  1%)
151        4 (  0%)
152       48 (  5%)

