
kMeans
======

Number of iterations: 5
Within cluster sum of squared errors: 809.6517559652636
Missing values globally replaced with mean/mode

Cluster centroids:
                          Cluster#
Attribute     Full Data          0          1          2          3          4          5
                  (891)      (108)       (69)      (165)      (204)       (76)      (269)
=========================================================================================
SibSp             0.523      0.713     0.3623     0.4848     0.4118     0.4605     0.6134
Parch            0.3816     0.2222     0.1884     0.4364     0.3676     0.5263     0.4312
Class.1          0.2424     0.1852          0     0.9455     0.1961          0          0
Class.2          0.2065     0.0833      0.029     0.0545     0.8039          0          0
Class.3          0.5511     0.7315      0.971          0          0          1          1
Gender           0.6476     0.8704     0.4493     0.3818     0.6765     0.4868     0.7955
Fare            32.2042     22.576     11.374    92.0976    27.9874    13.6306    13.1207
Embarked.C       0.1886     0.2222     0.1739     0.5333     0.0343     0.1842     0.0855
Embarked.Q       0.0864          0     0.7971     0.0182     0.0049     0.0132     0.0632
Embarked.S       0.7228     0.7778      0.029     0.4364     0.9608     0.8026     0.8513
Child            0.0269          0     0.0725     0.0182     0.0294     0.0395      0.026
Adult            0.7744          0     0.0725     0.9212     0.9706     0.9605      0.974
Age.NA           0.1987          1     0.8551     0.0606          0          0          0
Survived              0          0          1          1          0          1          0




=== Clustering stats for training data ===

Clustered Instances
0      108 ( 12%)
1       69 (  8%)
2      165 ( 19%)
3      204 ( 23%)
4       76 (  9%)
5      269 ( 30%)

