
kMeans
======

Number of iterations: 5
Within cluster sum of squared errors: 883.8361650015809
Missing values globally replaced with mean/mode

Cluster centroids:
                          Cluster#
Attribute     Full Data          0          1          2          3          4
                  (891)      (111)       (80)      (182)      (205)      (313)
==============================================================================
SibSp             0.523     0.7117     0.4125      0.489     0.4146     0.5751
Parch            0.3816     0.2162      0.225      0.456     0.3756     0.4409
Class.1          0.2424     0.1802          0     0.8516        0.2          0
Class.2          0.2065     0.0901     0.0125     0.0495        0.8          0
Class.3          0.5511     0.7297     0.9875     0.0989          0          1
Gender           0.6476     0.8829     0.4875     0.3846     0.6732     0.7412
Fare            32.2042    22.3228     11.511    83.9713    28.5901    13.2635
Embarked.C       0.1886     0.2252     0.0875     0.5824     0.0341     0.0735
Embarked.Q       0.0864          0     0.9125     0.0165     0.0049          0
Embarked.S       0.7228     0.7748          0     0.3901      0.961     0.9265
Child            0.0269          0     0.0125     0.0385     0.0293     0.0319
Adult            0.7744          0     0.2875     0.9066     0.9707     0.9681
Age.NA           0.1987          1        0.7     0.0549          0          0
Survived              0          0          0          1          0          0




=== Clustering stats for training data ===

Clustered Instances
0      111 ( 12%)
1       80 (  9%)
2      182 ( 20%)
3      205 ( 23%)
4      313 ( 35%)

