
kMeans
======

Number of iterations: 7
Within cluster sum of squared errors: 660.3599865798957
Missing values globally replaced with mean/mode

Cluster centroids:
                          Cluster#
Attribute     Full Data          0          1          2          3          4          5          6          7          8          9
                  (891)       (22)       (30)      (164)      (204)       (75)       (47)       (38)      (180)       (90)       (41)
=====================================================================================================================================
SibSp             0.523     4.0909     0.3333     0.4817     0.4118       0.44     1.0213     0.4474     0.4167        0.1     0.5122
Parch            0.3816     1.4091        0.1     0.4268     0.3676       0.52     1.1915     0.3158     0.2278     0.0333     0.2439
Class.1          0.2424     0.0455          0     0.9451     0.1961          0          0          0          0     0.2222          0
Class.2          0.2065          0          0     0.0549     0.8039          0          0     0.0789          0     0.0889          0
Class.3          0.5511     0.9545          1          0          0          1          1     0.9211          1     0.6889          1
Gender           0.6476     0.3636     0.8667     0.3841     0.6765     0.4133          0     0.1316          1          1      0.878
Fare            32.2042    44.4949    10.8237    91.7351    27.9874     13.426    18.5826    13.1082     11.374    19.4522    11.2174
Embarked.C       0.1886          0          0     0.5366     0.0343     0.1067          0     0.3947          0     0.2333     0.7073
Embarked.Q       0.0864          0          1     0.0183     0.0049       0.08     0.1064     0.5263          0          0     0.2927
Embarked.S       0.7228          1          0     0.4329     0.9608     0.8133     0.8936     0.0789          1     0.7667          0
Child            0.0269     0.3636     0.0333     0.0122     0.0294       0.04          0     0.1053          0          0          0
Adult            0.7744          0          0     0.9268     0.9706       0.96          1          0          1          0          1
Age.NA           0.1987     0.6364     0.9667      0.061          0          0          0     0.8947          0          1          0
Survived              0          0          0          1          0          1          0          1          0          0          0




=== Clustering stats for training data ===

Clustered Instances
 0       22 (  2%)
 1       30 (  3%)
 2      164 ( 18%)
 3      204 ( 23%)
 4       75 (  8%)
 5       47 (  5%)
 6       38 (  4%)
 7      180 ( 20%)
 8       90 ( 10%)
 9       41 (  5%)

