
kMeans
======

Number of iterations: 5
Within cluster sum of squared errors: 704.2642393670883
Missing values globally replaced with mean/mode

Cluster centroids:
                          Cluster#
Attribute     Full Data          0          1          2          3          4          5          6          7          8
                  (891)       (25)       (30)      (164)      (204)       (78)       (52)       (38)      (210)       (90)
==========================================================================================================================
SibSp             0.523       3.68     0.3333     0.4817     0.4118     0.4231     0.9615     0.4474     0.4381        0.1
Parch            0.3816        1.4        0.1     0.4268     0.3676     0.4615     1.1346     0.3158     0.2238     0.0333
Class.1          0.2424       0.04          0     0.9451     0.1961          0          0          0          0     0.2222
Class.2          0.2065          0          0     0.0549     0.8039          0          0     0.0789          0     0.0889
Class.3          0.5511       0.96          1          0          0          1          1     0.9211          1     0.6889
Gender           0.6476       0.36     0.8667     0.3841     0.6765     0.4615          0     0.1316          1          1
Fare            32.2042    40.9153    10.8237    91.7351    27.9874    13.2189     18.201    13.1082    11.2669    19.4522
Embarked.C       0.1886          0          0     0.5366     0.0343     0.1795     0.0962     0.3947     0.0857     0.2333
Embarked.Q       0.0864          0          1     0.0183     0.0049     0.0769     0.0962     0.5263     0.0571          0
Embarked.S       0.7228          1          0     0.4329     0.9608     0.7436     0.8077     0.0789     0.8571     0.7667
Child            0.0269       0.44     0.0333     0.0122     0.0294          0          0     0.1053          0          0
Adult            0.7744          0          0     0.9268     0.9706          1          1          0          1          0
Age.NA           0.1987       0.56     0.9667      0.061          0          0          0     0.8947          0          1
Survived              0          0          0          1          0          1          0          1          0          0




=== Clustering stats for training data ===

Clustered Instances
0       25 (  3%)
1       30 (  3%)
2      164 ( 18%)
3      204 ( 23%)
4       78 (  9%)
5       52 (  6%)
6       38 (  4%)
7      210 ( 24%)
8       90 ( 10%)

