
kMeans
======

Number of iterations: 6
Within cluster sum of squared errors: 759.1897387801264
Missing values globally replaced with mean/mode

Cluster centroids:
                          Cluster#
Attribute     Full Data          0          1          2          3          4          5          6
                  (891)      (104)       (47)      (164)      (204)       (80)      (252)       (40)
====================================================================================================
SibSp             0.523     0.7212     0.5106     0.4756     0.4118     0.4375     0.5992      0.475
Parch            0.3816     0.2115     0.2766      0.439     0.3676        0.5     0.4206        0.3
Class.1          0.2424     0.1923     0.0213     0.9451     0.1961          0          0          0
Class.2          0.2065     0.0769          0     0.0549     0.8039          0          0      0.075
Class.3          0.5511     0.7308     0.9787          0          0          1          1      0.925
Gender           0.6476     0.9038     0.8085      0.378     0.6765       0.45     0.8016      0.175
Fare            32.2042    22.7024     13.238    92.1104    27.9874    13.3415    13.0903    13.2278
Embarked.C       0.1886     0.2019          0     0.5366     0.0343      0.175     0.0913      0.375
Embarked.Q       0.0864          0          1     0.0122     0.0049     0.0625          0       0.55
Embarked.S       0.7228     0.7981          0      0.439     0.9608     0.7625     0.9087      0.075
Child            0.0269          0     0.0213     0.0183     0.0294     0.0375     0.0278        0.1
Adult            0.7744          0     0.4043     0.9207     0.9706     0.9625     0.9722          0
Age.NA           0.1987          1     0.5745      0.061          0          0          0        0.9
Survived              0          0          0          1          0          1          0          1




=== Clustering stats for training data ===

Clustered Instances
0      104 ( 12%)
1       47 (  5%)
2      164 ( 18%)
3      204 ( 23%)
4       80 (  9%)
5      252 ( 28%)
6       40 (  4%)

