
kMeans
======

Number of iterations: 5
Within cluster sum of squared errors: 722.5332395605578
Missing values globally replaced with mean/mode

Cluster centroids:
                          Cluster#
Attribute     Full Data          0          1          2          3          4          5          6          7
                  (891)      (104)       (30)      (165)      (204)       (81)       (55)       (38)      (214)
===============================================================================================================
SibSp             0.523     0.7212     0.3333     0.4848     0.4118     0.4321     1.0364     0.4474     0.5047
Parch            0.3816     0.2115        0.1     0.4364     0.3676     0.4938     1.1636     0.3158      0.243
Class.1          0.2424     0.1923          0     0.9455     0.1961          0          0          0          0
Class.2          0.2065     0.0769          0     0.0545     0.8039          0          0     0.0789          0
Class.3          0.5511     0.7308          1          0          0          1          1     0.9211          1
Gender           0.6476     0.9038     0.8667     0.3818     0.6765     0.4568          0     0.1316          1
Fare            32.2042    22.7024    10.8237    92.0976    27.9874    13.2725    18.4743    13.1082    11.7448
Embarked.C       0.1886     0.2019          0     0.5333     0.0343     0.1728     0.0909     0.3947     0.0841
Embarked.Q       0.0864          0          1     0.0182     0.0049     0.0741     0.0909     0.5263     0.0561
Embarked.S       0.7228     0.7981          0     0.4364     0.9608     0.7531     0.8182     0.0789     0.8598
Child            0.0269          0     0.0333     0.0182     0.0294      0.037     0.0545     0.1053     0.0187
Adult            0.7744          0          0     0.9212     0.9706      0.963     0.9455          0     0.9813
Age.NA           0.1987          1     0.9667     0.0606          0          0          0     0.8947          0
Survived              0          0          0          1          0          1          0          1          0




=== Clustering stats for training data ===

Clustered Instances
0      104 ( 12%)
1       30 (  3%)
2      165 ( 19%)
3      204 ( 23%)
4       81 (  9%)
5       55 (  6%)
6       38 (  4%)
7      214 ( 24%)

