
Options: -C 1.0 -L 0.001 -N 0 -V 10 -W 1 -K "weka.classifiers.functions.supportVector.RBFKernel -C 250007 -G 1.0" 

SMO

Kernel used:
  RBF kernel: K(x,y) = e^-(1.0* <x-y,x-y>^2)

Classifier for classes: 0, 1

BinarySMO

 -       0.7651 * <0 0 0 1 0 1 0.025374 0 0 1 0 1 0 > * X]
 +       0.9836 * <0 0 0 1 0 0 0.025374 0 0 1 0 1 0 > * X]
 -       1      * <0 0.166667 0 0 1 0 0.028213 1 0 0 0 1 0 > * X]
 -       1      * <0 0 1 0 0 1 0 0 0 1 0 0 1 > * X]
 +       0.791  * <0 0 0 1 0 0 0.020495 0 0 1 0 1 0 > * X]
 -       0.1482 * <0 0 0 1 0 1 0.025374 0 0 1 0 1 0 > * X]
 +       1      * <0 0.333333 0 0 1 0 0.032596 0 0 1 0 1 0 > * X]
 +       0.4978 * <0.125 0.333333 0 1 0 0 0.081157 1 0 0 0 1 0 > * X]
 -       0.3061 * <0 0 0 1 0 1 0.029367 1 0 0 0 1 0 > * X]
 -       0.3499 * <0 0 0 1 0 1 0.020495 0 0 1 0 1 0 > * X]
 -       1      * <0 0.333333 0 0 1 0 0.047138 0 0 1 0 1 0 > * X]
 +       0.7    * <0 0 0 1 0 0 0.024106 0 1 0 0 0 1 > * X]
 +       1      * <0.125 0 1 0 0 1 0.101497 0 0 1 0 1 0 > * X]
 -       0.0579 * <0 0 0 0 1 1 0.01533 0 0 1 0 1 0 > * X]
 +       1      * <0.125 0 0 0 1 0 0.028213 1 0 0 0 1 0 > * X]
 -       1      * <0 0 0 0 1 0 0.015883 0 1 0 0 0 1 > * X]
 -       1      * <0 0 0 0 1 0 0.016908 0 0 1 0 1 0 > * X]
 -       1      * <0 0 0 0 1 0 0.015469 0 0 1 0 1 0 > * X]
 -       1      * <0 0.833333 0 0 1 0 0.056848 0 1 0 0 1 0 > * X]
 -       1      * <0 0 0 0 1 0 0.015127 0 1 0 0 0 1 > * X]
 -       0.1191 * <0 0 0 0 1 1 0.015412 0 0 1 0 0 1 > * X]
 -       0.7933 * <0.5 0.166667 0 0 1 1 0.056848 0 1 0 1 0 0 > * X]
 -       1      * <0 0.333333 1 0 0 1 0.412821 1 0 0 0 1 0 > * X]
 -       0.0425 * <0 0 0 1 0 1 0.020495 0 0 1 0 1 0 > * X]
 -       0.3422 * <0 0 0 0 1 1 0.014102 1 0 0 0 0 1 > * X]
 +       1      * <0.125 0 0 0 1 0 0.01533 0 0 1 0 1 0 > * X]
 -       0.0679 * <0 0 0 1 0 1 0.020495 0 0 1 0 1 0 > * X]
 -       0.0035 * <0 0 0 0 1 1 0.014102 1 0 0 0 0 1 > * X]
 -       0.7184 * <0 0 1 0 0 1 0.444099 1 0 0 0 0 1 > * X]
 -       1      * <0 0 0 1 0 1 0 0 0 1 0 0 1 > * X]
 +       1      * <0 0 0 0 1 1 0.015713 0 0 1 0 1 0 > * X]
 +       1      * <0 0 1 0 0 1 0.059532 0 0 1 0 1 0 > * X]
 +       1      * <0 0 0 0 1 1 0.036671 1 0 0 0 1 0 > * X]
 -       0.97   * <0 0.166667 1 0 0 1 0.150855 0 0 1 0 1 0 > * X]
 -       1      * <0.125 0.333333 1 0 0 0 0.295806 0 0 1 1 0 0 > * X]
 +       0.1112 * <0 0 0 1 0 0 0.025374 0 0 1 0 1 0 > * X]
 -       1      * <0.125 0 1 0 0 1 0.103644 0 0 1 0 1 0 > * X]
 +       1      * <0 0.333333 0 0 1 1 0.040062 0 0 1 0 1 0 > * X]
 -       0.0987 * <0 0 0 0 1 1 0.01533 0 0 1 0 1 0 > * X]
 +       1      * <0 0 1 0 0 1 0.051822 0 0 1 0 1 0 > * X]
 -       0.0222 * <0 0 0 0 1 1 0.014932 0 0 1 0 1 0 > * X]
 +       0.7263 * <0.25 0.166667 0 0 1 0 0.03759 1 0 0 0 1 0 > * X]
 -       0.4323 * <0 0 0 0 1 1 0.015371 0 0 1 0 1 0 > * X]
 +       1      * <0 0 0 0 1 0 0.015379 0 1 0 0 0 1 > * X]
 -       0.9856 * <0 0 1 0 0 1 0.059532 0 0 1 0 1 0 > * X]
 +       1      * <0 0.333333 0 0 1 0 0.021731 0 0 1 0 1 0 > * X]
 -       0.0668 * <0 0 0 0 1 1 0.015176 0 0 1 0 1 0 > * X]
 +       1      * <0.125 0.166667 0 0 1 1 0.029758 1 0 0 0 0 1 > * X]
 -       0.5899 * <0 0 0 0 1 1 0.01411 1 0 0 0 0 1 > * X]
 -       1      * <0.125 0 1 0 0 1 0.101497 0 0 1 0 1 0 > * X]
 +       1      * <0 0 1 0 0 1 0.051822 1 0 0 0 1 0 > * X]
 -       0.0109 * <0 0 0 0 1 1 0.016908 0 0 1 0 1 0 > * X]
 -       1      * <0.125 0 0 1 0 0 0.050749 0 0 1 0 1 0 > * X]
 -       0.4444 * <0 0.166667 0 0 1 1 0.016404 0 0 1 0 1 0 > * X]
 -       0.0123 * <0 0 0 0 1 1 0.013907 0 0 1 0 1 0 > * X]
 +       0.1846 * <0 0 0 1 0 0 0.03123 0 0 1 0 1 0 > * X]
 -       0.9805 * <0.25 0 1 0 0 1 0.175668 0 1 0 0 1 0 > * X]
 +       1      * <0 0 1 0 0 1 0.060508 1 0 0 0 1 0 > * X]
 +       0.0251 * <0 0 1 0 0 0 0.15615 0 0 0 0 1 0 > * X]
 -       0.2449 * <0 0 0 1 0 1 0.025374 0 0 1 0 1 0 > * X]
 -       1      * <0 0 0 1 0 1 0.029376 1 0 0 0 0 1 > * X]
 +       1      * <0.125 0 1 0 0 1 0.111118 1 0 0 0 1 0 > * X]
 +       1      * <0.125 0.833333 0 0 1 0 0.061264 0 0 1 0 1 0 > * X]
 -       0.4394 * <0.5 0.333333 0 0 1 0 0.061045 0 0 1 1 0 0 > * X]
 +       1      * <0 0 1 0 0 1 0.057971 1 0 0 0 0 1 > * X]
 +       1      * <0.125 0.166667 0 1 0 1 0.036598 0 0 1 0 1 0 > * X]
 -       0.0533 * <0 0 0 0 1 1 0.015412 0 0 1 0 0 1 > * X]
 -       0.0236 * <0 0 0 1 0 1 0.020495 0 0 1 0 1 0 > * X]
 +       0.9902 * <0.125 0 1 0 0 0 0.175668 0 1 0 0 1 0 > * X]
 -       1      * <0.125 0 1 0 0 1 0.103644 0 0 1 0 1 0 > * X]
 -       0.0994 * <0 0 0 0 1 1 0.015412 1 0 0 0 0 1 > * X]
 +       1      * <0 0 1 0 0 1 0.051822 0 0 1 0 1 0 > * X]
 +       1      * <0 0 1 0 0 1 0.069291 1 0 0 0 1 0 > * X]
 +       0.8592 * <0.25 0.166667 0 1 0 1 0.076123 0 0 1 1 0 0 > * X]
 +       1      * <0 0 0 0 1 0 0.015127 0 1 0 0 0 1 > * X]
 -       0.0151 * <0 0 0 0 1 1 0.015713 0 0 1 0 0 1 > * X]
 -       0.0711 * <0 0 0 0 1 1 0.01411 1 0 0 0 0 1 > * X]
 -       0.0009 * <0 0 0 0 1 1 0.013565 0 1 0 0 0 1 > * X]
 +       1      * <0 0 0 0 1 1 0.110272 0 0 1 0 1 0 > * X]
 -       1      * <0 0 0 0 1 0 0.01533 0 0 1 0 1 0 > * X]
 -       0.2662 * <0 0 0 1 0 1 0.025374 0 0 1 0 1 0 > * X]
 +       0.06   * <0 0 0 1 0 0 0.040989 0 0 1 0 1 0 > * X]
 -       1      * <0.375 0.166667 0 0 1 1 0.041136 0 0 1 1 0 0 > * X]
 +       1      * <0 0 0 0 1 0 0.014737 0 0 1 0 1 0 > * X]
 -       0.1514 * <0 0 0 1 0 1 0.025374 0 0 1 0 1 0 > * X]
 -       0.0231 * <0 0 1 0 0 1 0.096626 1 0 0 0 1 0 > * X]
 -       0.1502 * <0 0 0 1 0 1 0 0 0 1 0 0 1 > * X]
 +       1      * <0 0 1 0 0 1 0.051822 0 0 1 0 0 1 > * X]
 -       0.0154 * <0 0 0 1 0 1 0.025374 0 0 1 0 1 0 > * X]
 +       0.9546 * <0 0 0 1 0 0 0.024106 0 1 0 0 1 0 > * X]
 -       1      * <0 0 0 0 1 0 0.019202 0 0 1 0 1 0 > * X]
 -       0.0025 * <0 0 0 0 1 1 0.013907 0 0 1 0 1 0 > * X]
 -       1      * <0.125 0 0 0 1 0 0.015469 0 0 1 0 1 0 > * X]
 +       0.4663 * <0 0 1 0 0 0 0.154588 1 0 0 0 0 1 > * X]
 +       1      * <0 0 0 0 1 0 0.01533 0 0 1 0 1 0 > * X]
 -       0.9716 * <0 0 0 0 1 1 0.015412 1 0 0 0 1 0 > * X]
 -       1      * <0 0 1 0 0 1 0 0 0 1 0 1 0 > * X]
 -       0.6997 * <0.125 0.333333 0 1 0 1 0.081157 1 0 0 0 1 0 > * X]
 +       1      * <0 0 0 1 0 1 0.025374 0 0 1 0 1 0 > * X]
 +       0.0672 * <0 0 1 0 0 0 0.051822 0 0 1 0 1 0 > * X]
 +       1      * <0 0.166667 1 0 0 1 0.123667 1 0 0 0 1 0 > * X]
 +       1      * <0 0 1 0 0 1 0.051822 0 0 1 0 1 0 > * X]
 -       0.0334 * <0 0 0 0 1 1 0.015713 0 0 1 0 0 1 > * X]
 -       0.0258 * <0.125 0 0 1 0 1 0.058694 1 0 0 0 1 0 > * X]
 -       0.2464 * <0 0 0 1 0 1 0.025374 0 0 1 0 1 0 > * X]
 -       0.0379 * <0 0 0 1 0 1 0.025374 0 0 1 0 1 0 > * X]
 +       1      * <0 0 0 0 1 0 0.014102 1 0 0 0 0 1 > * X]
 -       0.6597 * <0 0.166667 1 0 0 1 0.150855 0 0 1 0 1 0 > * X]
 -       0.0146 * <0 0 0 0 1 1 0.018543 0 0 1 0 1 0 > * X]
 -       0.9417 * <0 0 0 0 1 1 0.007832 1 0 0 0 1 0 > * X]
 -       0.6383 * <0 0 1 0 0 1 0.050602 0 0 1 0 0 1 > * X]
 +       1      * <0 0 0 0 1 0 0.015094 0 1 0 0 0 1 > * X]
 -       1      * <0 0.333333 1 0 0 1 0.221098 1 0 0 0 1 0 > * X]
 -       1      * <0.125 0 1 0 0 1 0.160387 1 0 0 0 1 0 > * X]
 +       0.0303 * <0 0 0 1 0 0 0.020495 0 0 1 0 1 0 > * X]
 +       1      * <0 0 0 0 1 0 0.014151 0 0 1 0 1 0 > * X]
 -       1      * <0 0.166667 0 0 1 0 0.020421 0 0 1 1 0 0 > * X]
 -       1      * <0.25 0 0 0 1 1 0.042315 1 0 0 0 0 1 > * X]
 +       1      * <0 0 1 0 0 1 0.149765 1 0 0 0 1 0 > * X]
 -       0.0006 * <0 0 0 1 0 1 0.024447 0 0 1 0 1 0 > * X]
 -       0.9058 * <0.125 0 1 0 0 1 0.162932 0 0 1 0 1 0 > * X]
 -       0.0915 * <0 0 0 0 1 1 0.01411 1 0 0 0 1 0 > * X]
 -       0.0076 * <0 0 0 0 1 1 0.013907 0 0 1 0 1 0 > * X]
 -       1      * <0 0 1 0 0 1 0.059914 1 0 0 0 1 0 > * X]
 +       1      * <0.125 0.166667 0 0 1 0 0.032596 0 0 1 0 1 0 > * X]
 -       0.5873 * <0.125 0.166667 1 0 0 1 0.155466 0 0 1 0 1 0 > * X]
 -       0.0141 * <0 0 0 0 1 1 0.015412 1 0 0 0 0 1 > * X]
 -       0.049  * <0 0 0 0 1 1 0.014151 0 0 1 0 1 0 > * X]
 +       1      * <0 0 0 0 1 0 0.015127 0 0 1 0 1 0 > * X]
 +       1      * <0 0 0 0 1 0 0.01921 0 0 1 0 1 0 > * X]
 -       0.3302 * <0 0 0 0 1 1 0.015469 0 0 1 0 1 0 > * X]
 -       0.1339 * <0 0 0 0 1 1 0.019218 0 0 1 0 1 0 > * X]
 +       1      * <0.125 0 0 0 1 1 0.021942 1 0 0 0 1 0 > * X]
 -       0.0374 * <0 0 0 0 1 1 0.015176 0 0 1 0 1 0 > * X]
 +       1      * <0 0 0 0 1 0 0.014102 1 0 0 0 1 0 > * X]
 -       1      * <0.125 0 0 0 1 0 0.028302 0 0 1 0 1 0 > * X]
 -       1      * <0 0 1 0 0 1 0.154588 1 0 0 0 1 0 > * X]
 -       0.1222 * <0 0 0 0 1 1 0.01411 1 0 0 0 1 0 > * X]
 +       1      * <0.5 0.333333 0 0 1 1 0.061264 0 0 1 0 1 0 > * X]
 -       0.0878 * <0 0 0 0 1 1 0.014151 0 0 1 0 1 0 > * X]
 -       0.0323 * <0 0 0 1 0 1 0.025374 0 0 1 0 1 0 > * X]
 -       1      * <0 0 1 0 0 1 0.06764 1 0 0 0 1 0 > * X]
 -       0.0064 * <0 0 0 0 1 1 0.01799 0 0 1 0 1 0 > * X]
 -       0.059  * <0 0 0 1 0 1 0 0 0 1 0 0 1 > * X]
 +       1      * <0 0 0 1 0 1 0.020495 0 0 1 0 1 0 > * X]
 -       0.2276 * <0 0 0 0 1 1 0.015713 0 0 1 0 1 0 > * X]
 -       0.3411 * <0 0 0 0 1 1 0.031425 0 0 1 0 1 0 > * X]
 +       1      * <0 0 0 0 1 1 0.01411 1 0 0 0 0 1 > * X]
 +       1      * <0 0.166667 1 0 0 1 1 1 0 0 0 1 0 > * X]
 +       1      * <0 0 0 0 1 0 0.015469 0 0 1 0 1 0 > * X]
 +       1      * <0 0.166667 0 0 1 0 0.023984 0 0 1 1 0 0 > * X]
 -       1      * <0 0 0 0 1 1 0.043966 0 0 1 0 1 0 > * X]
 +       1      * <0 0 0 0 1 0 0.015176 0 0 1 0 1 0 > * X]
 -       0.3651 * <0.125 0 0 0 1 1 0.015127 0 1 0 0 0 1 > * X]
 -       0.636  * <0.125 0 0 0 1 1 0.030254 0 1 0 0 0 1 > * X]
 -       1      * <0 0 1 0 0 1 0.054107 1 0 0 0 0 1 > * X]
 -       1      * <0 0 0 0 1 1 0.110272 0 0 1 0 1 0 > * X]
 -       0.2332 * <0 0 0 1 0 1 0.020495 0 0 1 0 1 0 > * X]
 -       0.0399 * <0 0 0 0 1 1 0.014737 0 0 1 0 0 1 > * X]
 -       0.4372 * <0.125 0 0 0 1 1 0.028213 1 0 0 0 1 0 > * X]
 +       0.0099 * <0 0 0 1 0 0 0.024691 0 0 1 0 1 0 > * X]
 +       1      * <0 0 1 0 0 1 0.069291 0 0 1 0 0 1 > * X]
 -       0.0106 * <0 0 0 1 0 1 0.025374 0 0 1 0 1 0 > * X]
 -       0.0288 * <1 0.333333 0 0 1 0 0.135753 0 0 1 0 0 1 > * X]
 -       1      * <0.375 0.333333 0 0 1 0 0.054457 0 0 1 1 0 0 > * X]
 +       1      * <0.125 0.333333 0 0 1 1 0.04016 0 0 1 1 0 0 > * X]
 -       0.0279 * <0 0 0 1 0 1 0.025374 0 0 1 0 1 0 > * X]
 -       0.0097 * <0 0 0 0 1 1 0.015094 0 1 0 0 0 1 > * X]
 +       1      * <0.125 0.166667 0 0 1 0 0.021731 0 0 1 1 0 0 > * X]
 -       0.0079 * <1 0.333333 0 0 1 1 0.135753 0 0 1 0 0 1 > * X]
 +       0.0565 * <0 0 1 0 0 0 0.05061 0 0 1 0 1 0 > * X]
 -       0.1176 * <0 0 0 0 1 1 0.015127 0 1 0 0 1 0 > * X]
 -       0.0322 * <0 0 0 1 0 1 0.025374 0 0 1 0 1 0 > * X]
 -       0.0484 * <0 0 0 1 0 1 0.020495 0 0 1 0 1 0 > * X]
 -       0.0072 * <0 0 0 0 1 1 0.015111 0 1 0 0 1 0 > * X]
 -       1      * <0 0.333333 0 0 1 0 0.015127 0 1 0 0 0 1 > * X]
 +       0.0338 * <0 0 0 1 0 0 0.025374 0 0 1 0 1 0 > * X]
 -       0.0551 * <0 0 0 1 0 1 0 0 0 1 0 0 1 > * X]
 +       1      * <0.25 0 0 0 1 1 0.045381 0 1 0 0 0 1 > * X]
 -       1      * <0.125 0 0 0 1 0 0.034743 0 0 1 0 1 0 > * X]
 -       0.8686 * <0.25 0.166667 0 1 0 1 0.022447 0 0 1 0 1 0 > * X]
 -       0.4428 * <0 0 0 0 1 1 0.015127 0 1 0 0 0 1 > * X]
 -       1      * <0 0 0 1 0 0 0.025374 0 0 1 0 1 0 > * X]
 +       0.8818 * <0 0 0 1 0 0 0.050749 0 0 1 0 1 0 > * X]
 -       0.0503 * <0 0 0 0 1 1 0.015395 0 0 1 0 1 0 > * X]
 -       0.0488 * <0 0 0 0 1 1 0.015713 0 0 1 0 0 1 > * X]
 +       1      * <0 0.333333 0 0 1 0 0.04299 0 0 1 0 1 0 > * X]
 -       0.0069 * <0 0 0 0 1 1 0.015412 0 0 1 0 0 1 > * X]
 -       1      * <0 0 0 0 1 1 0.047138 0 0 1 0 1 0 > * X]
 +       1      * <0.125 0.166667 0 0 1 0 0.040062 0 0 1 0 1 0 > * X]
 -       0.0261 * <0 0 0 0 1 1 0.012565 1 0 0 0 1 0 > * X]
 +       1      * <0 0 0 0 1 0 0.01411 1 0 0 0 1 0 > * X]
 +       0.0144 * <0 0 0 1 0 0 0.025374 0 0 1 0 1 0 > * X]
 +       1      * <0 0 0 0 1 0 0.02435 0 0 1 0 1 0 > * X]
 -       1      * <0.125 0.166667 1 0 0 1 0.138583 0 0 1 0 1 0 > * X]
 -       1      * <0 0.833333 0 0 1 0 0.077465 0 0 1 0 1 0 > * X]
 -       1      * <0 0 0 0 1 0 0.015127 0 1 0 0 1 0 > * X]
 -       1      * <0 0 1 0 0 1 0.050749 0 0 1 0 1 0 > * X]
 -       1      * <0.125 0 0 0 1 0 0.019177 0 0 1 0 1 0 > * X]
 -       1      * <0 0 0 0 1 0 0.014737 0 0 1 0 0 1 > * X]
 -       0.0258 * <0 0 0 0 1 1 0.017567 0 0 1 0 1 0 > * X]
 -       0.0464 * <0 0 0 1 0 1 0.025374 0 0 1 0 1 0 > * X]
 -       1      * <0.125 0 0 0 1 0 0.031425 0 0 1 0 1 0 > * X]
 -       1      * <0 0 0 0 1 1 0.110272 0 0 1 0 0 1 > * X]
 -       0.0056 * <0 0 0 0 1 1 0.016908 0 0 1 0 1 0 > * X]
 +       1      * <0.375 0 0 0 1 0 0.030937 0 0 1 0 1 0 > * X]
 -       0.1197 * <0 0 0 0 1 1 0.016908 0 0 1 0 1 0 > * X]
 -       0.0834 * <0 0 0 0 1 1 0.015176 0 0 1 0 1 0 > * X]
 -       1      * <0.125 0.166667 0 0 1 1 0.01411 1 0 0 0 1 0 > * X]
 -       0.0043 * <0 0 0 0 1 1 0.015412 0 0 1 0 1 0 > * X]
 -       0.0307 * <1 0.333333 0 0 1 0 0.135753 0 0 1 0 0 1 > * X]
 -       1      * <0.125 0.166667 0 0 1 0 0.047138 0 0 1 0 1 0 > * X]
 +       1      * <0 0 0 0 1 1 0.110272 0 0 1 0 1 0 > * X]
 +       0.001  * <0 0 0 1 0 0 0.023422 1 0 0 0 1 0 > * X]
 -       0.1371 * <0 0 0 0 1 1 0.014102 1 0 0 0 1 0 > * X]
 -       0.0124 * <0 0 0 0 1 1 0.015469 0 0 1 0 1 0 > * X]
 +       0.9363 * <0 0.333333 0 1 0 1 0.072227 1 0 0 1 0 0 > * X]
 -       0.7266 * <0 0 0 0 1 1 0.01533 0 0 1 0 1 0 > * X]
 -       0.0451 * <0 0 0 1 0 1 0.020495 0 0 1 0 1 0 > * X]
 +       1      * <0.125 0 0 0 1 1 0.015176 0 0 1 0 1 0 > * X]
 +       1      * <0 0 0 0 1 1 0.01394 0 0 1 0 1 0 > * X]
 +       1      * <0 0 0 0 1 0 0.014932 0 0 1 0 1 0 > * X]
 -       0.9629 * <0 0 0 0 1 1 0.015412 0 0 1 0 1 0 > * X]
 -       0.897  * <0.125 0.333333 0 1 0 1 0.054164 0 0 1 0 1 0 > * X]
 -       0.3916 * <0 0 0 0 1 1 0.015469 0 0 1 0 1 0 > * X]
 +       0.0823 * <0 0 0 0 1 0 0.015127 0 1 0 0 0 1 > * X]
 +       0.8827 * <0.25 0 0 0 1 0 0.045381 0 1 0 0 0 1 > * X]
 +       1      * <0 0 1 0 0 0 0.054107 1 0 0 0 1 0 > * X]
 -       0.0117 * <0.125 0 0 1 0 1 0.054107 1 0 0 0 1 0 > * X]
 -       0.1123 * <0 0 0 0 1 1 0.028302 0 0 1 0 0 1 > * X]
 +       1      * <0 0 0 0 1 0 0.015103 0 1 0 0 0 1 > * X]
 -       0.431  * <0 0 1 0 0 1 0.054107 1 0 0 0 0 1 > * X]
 -       0.0349 * <0 0 0 1 0 1 0.020495 0 0 1 0 1 0 > * X]
 -       0.1007 * <0 0 0 0 1 1 0.015127 0 1 0 0 0 1 > * X]
 -       0.0185 * <0 0 0 0 1 1 0.015713 0 0 1 0 0 1 > * X]
 +       1      * <0 0 0 0 1 1 0.018543 0 0 1 0 1 0 > * X]
 +       1      * <0.125 0.333333 1 0 0 1 0.234224 0 0 1 0 1 0 > * X]
 +       0.447  * <0 0 1 0 0 0 0.05061 0 0 1 0 1 0 > * X]
 -       1      * <0 0 1 0 0 1 0.009759 0 0 1 0 1 0 > * X]
 -       0.0851 * <0 0 0 0 1 1 0.015412 0 0 1 0 1 0 > * X]
 +       1      * <0 0 0 0 1 0 0.015469 0 0 1 0 1 0 > * X]
 -       0.3127 * <0 0 0 0 1 1 0.015713 0 0 1 0 1 0 > * X]
 -       0.0113 * <0 0 0 0 1 1 0.014737 0 0 1 0 1 0 > * X]
 -       1      * <0.125 0.166667 0 0 1 1 0.01411 1 0 0 0 1 0 > * X]
 +       1      * <0.125 0 0 0 1 0 0.031425 0 0 1 0 0 1 > * X]
 -       0.0194 * <0 0 0 0 1 1 0.015127 0 1 0 0 0 1 > * X]
 +       0.0404 * <0.125 0.333333 0 1 0 0 0.081157 1 0 0 0 1 0 > * X]
 -       0.1308 * <0 0 0 0 1 1 0.015127 0 0 1 0 1 0 > * X]
 +       1      * <0.125 0 0 0 1 0 0.030937 0 0 1 0 1 0 > * X]
 -       0.0012 * <0 0 0 0 1 1 0.016892 0 0 1 0 1 0 > * X]
 +       0.6293 * <0 0.333333 1 0 0 0 0.051302 0 0 1 0 1 0 > * X]
 -       0.3195 * <0 0 1 0 0 1 0.063086 0 0 1 0 1 0 > * X]
 +       0.0446 * <0 0 0 0 1 0 0.0152 0 1 0 0 0 1 > * X]
 -       1      * <0 0 1 0 0 1 0.051822 0 0 1 0 1 0 > * X]
 +       1      * <0.125 0 1 0 0 1 0.149765 1 0 0 0 1 0 > * X]
 -       0.0204 * <0 0 0 0 1 1 0.016461 0 0 1 0 1 0 > * X]
 -       0.0013 * <0 0 0 0 1 1 0.014151 0 0 1 0 1 0 > * X]
 +       1      * <0 0.333333 0 0 1 0 0.04364 1 0 0 0 0 1 > * X]
 -       0.1392 * <0 0 0 0 1 1 0.036671 1 0 0 0 1 0 > * X]
 -       0.0603 * <0 0 0 0 1 1 0.028302 0 0 1 0 0 1 > * X]
 -       0.0038 * <0.125 0.333333 0 0 1 0 0.045771 0 0 1 0 0 1 > * X]
 -       0.1443 * <0 0 0 0 1 1 0.016908 1 0 0 0 1 0 > * X]
 +       1      * <0 0 0 0 1 1 0.015469 0 0 1 0 1 0 > * X]
 +       1      * <0 0 1 0 0 1 0.059532 0 0 1 0 1 0 > * X]
 +       1      * <0 0 0 1 0 1 0.025374 0 0 1 0 0 1 > * X]
 +       1      * <0 0 0 0 1 0 0.015672 0 1 0 0 1 0 > * X]
 -       0.0001 * <0 0 0 0 1 1 0.015713 0 0 1 0 0 1 > * X]
 -       1      * <0 0 0 0 1 1 0.013614 0 0 1 0 1 0 > * X]
 +       1      * <0 0 1 0 0 1 0.069291 0 0 1 0 1 0 > * X]
 -       0.7854 * <0 0 0 0 1 1 0.015713 0 0 1 0 1 0 > * X]
 +       1      * <0 0 0 0 1 0 0.015094 0 1 0 0 1 0 > * X]
 +       1      * <0 0 1 0 0 1 0.051822 0 0 1 0 1 0 > * X]
 +       1      * <0 0 0 0 1 1 0.015216 0 0 1 0 1 0 > * X]
 +       1      * <0.125 0 0 0 1 0 0.033963 0 0 1 0 1 0 > * X]
 -       0.8931 * <0 0 0 0 1 1 0.014102 1 0 0 0 0 1 > * X]
 -       0.3415 * <0 0 0 0 1 1 0.015713 0 0 1 0 1 0 > * X]
 +       1      * <0 0 0 0 1 1 0.015469 0 0 1 0 1 0 > * X]
 +       1      * <0.125 0 1 0 0 1 0.17392 1 0 0 0 1 0 > * X]
 +       1      * <0.125 0.166667 1 0 0 1 0.154588 1 0 0 0 1 0 > * X]
 -       1      * <0.125 0 0 1 0 0 0.040989 0 0 1 0 1 0 > * X]
 -       1      * <0 0 0 0 1 0 0.014891 0 1 0 0 0 1 > * X]
 -       0.0553 * <0 0 0 0 1 1 0.014151 0 0 1 0 1 0 > * X]
 +       0.0213 * <0 0 0 1 0 0 0.020495 0 0 1 0 1 0 > * X]
 -       0.2258 * <0 0 0 1 0 1 0.025374 0 0 1 0 1 0 > * X]
 -       1      * <0 0 0 0 1 0 0.013175 0 1 0 0 1 0 > * X]
 +       1      * <0 0 0 0 1 0 0.01411 1 0 0 0 0 1 > * X]
 +       0.157  * <0 0 1 0 0 0 0.15615 0 0 0 0 1 0 > * X]
 +       1      * <0 0 1 0 0 1 0.05131 0 0 1 0 1 0 > * X]
 -       0.0959 * <0 0 0 0 1 1 0.015127 0 1 0 0 0 1 > * X]
 -       0.0082 * <0 0 0 0 1 1 0.018543 0 0 1 0 0 1 > * X]
 +       1      * <0 0 1 0 0 1 0.059532 1 0 0 0 1 0 > * X]
 -       0.0013 * <0 0 0 0 1 1 0.015713 0 0 1 0 0 1 > * X]
 -       0.0848 * <0 0 0 0 1 1 0.015127 0 1 0 0 1 0 > * X]
 -       0.2929 * <0.125 0 0 0 1 1 0.030254 0 1 0 0 0 1 > * X]
 +       1      * <0.5 0.333333 0 0 1 0 0.061264 0 0 1 0 1 0 > * X]
 -       1      * <0 0 1 0 0 1 0 0 0 1 0 0 1 > * X]
 -       1      * <0.125 0.166667 0 0 1 0 0.030254 0 1 0 0 1 0 > * X]
 +       1      * <0 0 0 0 1 1 0.018543 0 0 1 0 1 0 > * X]
 -       1      * <0.625 0.333333 0 0 1 0 0.091543 0 0 1 0 1 0 > * X]
 -       0.2769 * <0 0 0 0 1 1 0.01411 1 0 0 0 1 0 > * X]
 -       0.7033 * <0 0 0 1 0 1 0 0 0 1 0 0 1 > * X]
 +       0.7176 * <0 0.166667 1 0 0 0 0.107353 0 0 1 0 0 1 > * X]
 -       0.6168 * <0 0 0 0 1 1 0.015713 0 0 1 0 1 0 > * X]
 -       1      * <0 0 0 0 1 0 0.015713 0 0 1 0 0 1 > * X]
 -       0.0083 * <0 0 0 0 1 1 0.015086 0 1 0 0 0 1 > * X]
 -       0.1802 * <0 0 0 0 1 1 0.015713 0 0 1 0 1 0 > * X]
 -       1      * <0 0.333333 0 0 1 1 0.028302 0 0 1 0 1 0 > * X]
 +       1      * <0 0 0 1 0 0 0.064412 0 0 1 0 0 1 > * X]
 -       0.3864 * <0 0 0 1 0 1 0.025374 0 0 1 0 1 0 > * X]
 -       0.0066 * <0 0 0 0 1 1 0.015127 0 1 0 0 0 1 > * X]
 -       0.2166 * <1 0.333333 0 0 1 1 0.135753 0 0 1 0 0 1 > * X]
 +       0.9911 * <0.25 0.5 0 1 0 0 0.036598 0 0 1 0 1 0 > * X]
 -       1      * <0.125 0 1 0 0 1 0.101497 0 0 1 0 1 0 > * X]
 -       0.2679 * <0.5 0.333333 0 0 1 0 0.061045 0 0 1 0 1 0 > * X]
 +       0.5696 * <0.125 0.166667 0 1 0 0 0.050749 0 0 1 1 0 0 > * X]
 -       0.3481 * <0.25 0 0 1 0 1 0.143462 0 0 1 0 1 0 > * X]
 -       0.0013 * <0 0 0 0 1 1 0.015225 0 0 1 0 1 0 > * X]
 +       1      * <0 0 0 0 1 1 0.015469 0 0 1 0 1 0 > * X]
 -       1      * <0 0 1 0 0 1 0.054164 1 0 0 0 1 0 > * X]
 +       0.0006 * <0 0 0 1 0 0 0.030742 0 0 1 0 1 0 > * X]
 -       0.4033 * <0 0 0 0 1 1 0.01533 0 0 1 0 1 0 > * X]
 -       0.0184 * <0 0 0 0 1 1 0.015216 0 0 1 0 1 0 > * X]
 -       1      * <0 0 1 0 0 1 0.154588 1 0 0 0 1 0 > * X]
 -       0.0286 * <0.5 0.166667 0 0 1 1 0.056848 0 1 0 0 1 0 > * X]
 -       0.4417 * <0 0 0 0 1 1 0.029473 0 0 1 0 0 1 > * X]
 +       1      * <0 0 0 0 1 1 0.01411 1 0 0 0 1 0 > * X]
 +       0.5392 * <0 0.333333 1 0 0 0 0.096618 1 0 0 0 1 0 > * X]
 +       1      * <0 0 0 0 1 1 0.015713 0 0 1 0 1 0 > * X]
 -       0.0205 * <0.625 0.333333 0 0 1 1 0.091543 0 0 1 0 1 0 > * X]
 +       1      * <0.125 0.166667 0 0 1 1 0.030726 1 0 0 0 1 0 > * X]
 +       1      * <0 0 0 1 0 1 0.025374 0 0 1 0 1 0 > * X]
 +       1      * <0 0 1 0 0 1 0.05131 0 0 1 0 1 0 > * X]
 -       0.2085 * <0 0 0 0 1 1 0.014102 1 0 0 0 1 0 > * X]
 +       1      * <0 0 0 0 1 1 0.015835 0 0 1 0 0 1 > * X]
 +       1      * <0 0 0 0 1 1 0.016908 0 0 1 0 1 0 > * X]
 -       0.0374 * <0.25 0 0 0 1 0 0.035134 0 0 1 0 1 0 > * X]
 +       0.0017 * <0 0 0 1 0 0 0.025374 0 0 1 0 1 0 > * X]
 -       0.6073 * <0 0 0 0 1 1 0.015412 0 0 1 0 1 0 > * X]
 -       0.9972 * <0 0 0 0 1 1 0.015412 0 0 1 0 1 0 > * X]
 -       1      * <0.125 0 0 0 1 0 0.028213 1 0 0 0 0 1 > * X]
 -       0.0937 * <0 0 0 0 1 1 0.015713 0 0 1 0 0 1 > * X]
 +       1      * <0.125 0.166667 0 0 1 1 0.031035 0 0 1 0 1 0 > * X]
 -       0.0041 * <0 0 0 0 1 1 0.015713 0 0 1 0 0 1 > * X]
 -       0.0012 * <0 0 0 0 1 1 0.016908 0 0 1 0 0 1 > * X]
 -       1      * <0.125 0.166667 0 0 1 0 0.020421 0 0 1 0 1 0 > * X]
 -       0.0317 * <0 0 0 1 0 1 0.023959 0 0 1 0 1 0 > * X]
 -       0.1793 * <0 0 0 0 1 1 0.014102 1 0 0 0 1 0 > * X]
 -       0.6647 * <0 0 0 0 1 1 0.016323 0 0 1 0 1 0 > * X]
 -       0.7195 * <0 0 1 0 0 1 0.050749 0 0 1 0 0 1 > * X]
 -       1      * <0 0 0 0 1 0 0.020527 0 0 1 0 1 0 > * X]
 -       0.2039 * <0 0 0 0 1 1 0.015713 0 0 1 0 1 0 > * X]
 -       0.1208 * <0 0 0 0 1 1 0.015713 0 0 1 0 1 0 > * X]
 +       1      * <0.125 0.166667 0 1 0 1 0.071731 0 0 1 0 1 0 > * X]
 +       1      * <0 0 1 0 0 1 0.058556 0 0 1 0 0 1 > * X]
 -       0.0026 * <0 0 0 0 1 1 0.01411 1 0 0 0 0 1 > * X]
 -       0.0205 * <0.125 0 0 1 0 1 0.046845 1 0 0 0 1 0 > * X]
 -       0.1105 * <0 0 0 0 1 1 0.047138 0 1 0 0 0 1 > * X]
 -       0.8308 * <0 0 1 0 0 1 0.051822 0 0 1 0 1 0 > * X]
 +       1      * <0 0 1 0 0 1 0.058556 0 0 1 0 1 0 > * X]
 -       0.0207 * <0 0 0 0 1 1 0.015127 0 1 0 0 1 0 > * X]
 +       0.5686 * <0.25 0.166667 0 0 1 0 0.03759 1 0 0 1 0 0 > * X]
 -       0.1583 * <0 0 0 0 1 1 0.01825 0 0 1 0 1 0 > * X]
 -       0.0757 * <0 0 0 0 1 1 0.01411 1 0 0 0 0 1 > * X]
 -       0.1581 * <1 0.333333 0 0 1 1 0.135753 0 0 1 0 0 1 > * X]
 -       0.031  * <0 0 0 0 1 1 0.015412 0 0 1 0 1 0 > * X]
 +       1      * <0 0 0 0 1 1 0 0 0 1 0 1 0 > * X]
 -       1      * <0 0 0 0 1 0 0.017274 0 0 1 0 1 0 > * X]
 +       0.4089 * <0 0 1 0 0 0 1 1 0 0 0 1 0 > * X]
 -       0.998  * <0.125 0 1 0 0 1 0.129995 0 0 1 0 1 0 > * X]
 -       1      * <0.125 0 0 0 1 0 0.019177 0 0 1 0 1 0 > * X]
 +       1      * <0.125 0.166667 0 1 0 1 0.050749 0 0 1 0 1 0 > * X]
 -       0.0708 * <0 0 0 1 0 1 0.02513 1 0 0 0 1 0 > * X]
 +       1      * <0 0.5 0 0 1 0 0.03759 1 0 0 0 1 0 > * X]
 -       0.9691 * <0 0 0 1 0 1 0.024106 0 1 0 0 1 0 > * X]
 -       1      * <0 0 1 0 0 1 0 0 0 1 0 1 0 > * X]
 -       0.3926 * <0 0 0 0 1 1 0.015412 0 0 1 0 1 0 > * X]
 -       0.7434 * <0 0 1 0 0 1 0.051822 0 0 1 0 1 0 > * X]
 +       1      * <0 0 0 0 1 0 0.016949 0 0 1 0 1 0 > * X]
 -       0.1101 * <0 0 0 0 1 1 0.015713 0 0 1 0 1 0 > * X]
 -       0.1882 * <0 0 0 0 1 1 0.01411 1 0 0 0 1 0 > * X]
 +       0.0641 * <0 0 0 0 1 0 0.015282 0 1 0 0 0 1 > * X]
 -       0.0161 * <0 0 0 0 1 1 0.018543 0 0 1 0 1 0 > * X]
 +       1      * <0 0 0 0 1 1 0.013614 0 0 1 0 1 0 > * X]
 +       0.1223 * <0 0 1 0 0 0 0.060508 1 0 0 0 1 0 > * X]
 +       0.1775 * <0 0.333333 0 1 0 1 0.056604 0 0 1 1 0 0 > * X]
 -       0.0191 * <0 0 0 0 1 1 0.015412 0 0 1 0 1 0 > * X]
 -       0.0933 * <0 0 0 0 1 1 0.015094 0 1 0 0 1 0 > * X]
 -       0.2011 * <0.125 0 1 0 0 1 0.10911 0 0 1 0 1 0 > * X]
 +       1      * <0.125 0 0 0 1 1 0.015469 0 0 1 0 1 0 > * X]
 -       0.7566 * <0 0 0 0 1 1 0.015216 0 0 1 0 1 0 > * X]
 -       1      * <0.125 0.333333 1 0 0 0 0.295806 0 0 1 0 1 0 > * X]
 +       1      * <0 0 1 0 0 1 0.059532 0 0 1 0 0 1 > * X]
 -       0.5849 * <0 0 0 0 1 1 0.015412 0 0 1 0 1 0 > * X]
 -       0.0604 * <0 0 0 0 1 1 0.015713 0 0 1 0 1 0 > * X]
 +       0.6827 * <0.125 0 1 0 0 0 0.260867 0 0 1 0 0 1 > * X]
 -       0.2768 * <0.125 0 1 0 0 1 0.119406 0 0 1 0 1 0 > * X]
 -       0.1151 * <0 0 0 1 0 1 0.025374 0 0 1 0 1 0 > * X]
 +       1      * <0.125 0 1 0 0 1 0.111257 0 0 1 0 1 0 > * X]
 -       0.0126 * <0 0 0 0 1 1 0.017006 1 0 0 0 0 1 > * X]
 +       1      * <0 0 0 0 1 0 0.018714 0 0 1 0 1 0 > * X]
 -       0.1942 * <0 0 0 0 1 1 0.015412 0 0 1 0 0 1 > * X]
 -       0.0661 * <0 0 0 0 1 1 0.014631 0 0 1 0 1 0 > * X]
 -       0.0036 * <0 0 0 0 1 1 0.014631 0 0 1 0 1 0 > * X]
 -       0.1604 * <0.25 0 0 1 0 1 0.143462 0 0 1 0 1 0 > * X]
 -       1      * <0 0 1 0 0 1 0.432884 0 0 1 0 0 1 > * X]
 -       0.2298 * <0 0 0 1 0 1 0 0 0 1 0 0 1 > * X]
 -       0.4685 * <0 0 0 1 0 1 0.020495 0 0 1 0 1 0 > * X]
 +       1      * <0 0 0 1 0 1 0.020495 0 0 1 0 1 0 > * X]
 +       1      * <0 0 1 0 0 1 0.051822 0 0 1 0 1 0 > * X]
 -       1      * <0.125 0 0 0 1 0 0.028221 1 0 0 0 0 1 > * X]
 -       0.1352 * <0 0 0 0 1 1 0.015412 0 0 1 0 1 0 > * X]
 -       1      * <0 0 0 1 0 0 0.025374 0 0 1 0 1 0 > * X]
 -       0.0882 * <0 0 0 0 1 1 0.018006 0 0 1 0 1 0 > * X]
 -       0.0012 * <0 0 0 0 1 1 0.014102 1 0 0 0 1 0 > * X]
 -       0.1339 * <0.625 0.333333 0 0 1 1 0.091543 0 0 1 0 1 0 > * X]
 -       1      * <0 0 1 0 0 0 0.056043 1 0 0 0 1 0 > * X]
 -       0.1225 * <0 0 0 0 1 1 0.015412 0 0 1 0 1 0 > * X]
 +       0.0597 * <0 0 0 0 1 0 0.015127 0 1 0 0 0 1 > * X]
 +       1      * <0 0 0 0 1 0 0.015127 0 1 0 0 1 0 > * X]
 +       1      * <0.125 0 0 0 1 0 0.031425 0 0 1 0 0 1 > * X]
 -       1      * <0.125 0 0 0 1 0 0.018494 0 0 1 0 1 0 > * X]
 +       1      * <0 0 0 0 1 1 0.015713 0 0 1 0 1 0 > * X]
 -       0.6486 * <0 0 0 0 1 1 0.014932 0 0 1 0 1 0 > * X]
 +       1      * <0 0.333333 1 0 0 1 0.159777 0 0 1 0 1 0 > * X]
 -       1      * <0.125 0 0 0 1 1 0.047138 0 1 0 0 0 1 > * X]
 +       1      * <0.125 0 1 0 0 1 0.175668 0 0 1 0 1 0 > * X]
 -       1      * <0 0.333333 0 0 1 0 0.039452 0 0 1 0 1 0 > * X]
 +       0.0183 * <0 0 0 0 1 0 0.015379 0 1 0 0 0 1 > * X]
 +       1      * <0 0 0 0 1 1 0.015469 0 0 1 0 1 0 > * X]
 -       1      * <0 0 1 0 0 1 0.264739 1 0 0 0 1 0 > * X]
 +       1      * <0.125 0 1 0 0 1 0.103644 0 0 1 0 1 0 > * X]
 -       0.8971 * <0 0 0 0 1 1 0.015713 0 0 1 0 0 1 > * X]
 -       0.5806 * <0.125 0 0 0 1 1 0.028213 1 0 0 0 1 0 > * X]
 +       0.0366 * <0 0 0 0 1 0 0.015127 0 1 0 0 0 1 > * X]
 -       1      * <0 0 0 0 1 0 0.015412 0 0 1 0 1 0 > * X]
 +       1      * <0.125 0 1 0 0 1 0.102579 0 0 1 0 1 0 > * X]
 -       0.0002 * <0 0 0 0 1 1 0.015469 0 0 1 0 1 0 > * X]
 -       1      * <0 0.333333 0 0 1 0 0.029758 1 0 0 0 0 1 > * X]
 -       0.2846 * <0 0.166667 1 0 0 1 0.299539 0 0 1 0 1 0 > * X]
 +       1      * <0 0 0 0 1 1 0.015176 0 0 1 0 0 1 > * X]
 -       0.0076 * <0 0 0 0 1 1 0.01411 1 0 0 0 0 1 > * X]
 +       0.6729 * <0 0 0 1 0 0 0.025374 0 0 1 0 1 0 > * X]
 -       0.3051 * <0.125 1 0 0 1 0 0.091543 0 0 1 0 1 0 > * X]
 +       0.1223 * <0.125 0.5 0 1 0 0 0.044893 0 0 1 0 1 0 > * X]
 +       0.0151 * <0 0 0 0 1 0 0.015379 0 1 0 0 0 1 > * X]
 -       0.2928 * <0 0 0 0 1 1 0.015713 0 0 1 0 1 0 > * X]
 -       0.0352 * <0 0 0 0 1 1 0.016908 0 0 1 0 1 0 > * X]
 -       0.3614 * <0 0 1 0 0 1 0.066404 0 0 1 0 1 0 > * X]
 -       1      * <0 0 1 0 0 1 0.051822 0 0 1 0 1 0 > * X]
 -       0.0014 * <0 0 0 0 1 1 0.015127 0 1 0 0 0 1 > * X]
 -       1      * <0 0 1 0 0 1 0.057971 1 0 0 0 1 0 > * X]
 -       1      * <0 0 0 0 1 0 0.015713 0 0 1 0 0 1 > * X]
 +       1      * <0 0 0 0 1 1 0.015127 0 1 0 0 1 0 > * X]
 -       1      * <0.125 0.166667 0 0 1 0 0.028107 0 0 1 0 1 0 > * X]
 -       0.8033 * <0 0 0 0 1 1 0.013175 0 1 0 0 1 0 > * X]
 -       0.7237 * <0 0.166667 0 0 1 1 0.031425 0 0 1 0 1 0 > * X]
 +       0.0178 * <0 0 0 0 1 0 0.015127 0 1 0 0 0 1 > * X]
 -       0.2363 * <0 0 1 0 0 1 0.051822 0 0 1 0 1 0 > * X]
 -       1      * <0 0 1 0 0 1 0.054107 1 0 0 0 1 0 > * X]
 -       0.2996 * <0.125 0.5 0 0 1 0 0.067096 0 0 1 0 1 0 > * X]
 -       0.7629 * <0.125 0.833333 0 0 1 1 0.061045 0 0 1 0 1 0 > * X]
 -       0.343  * <0.5 0.333333 0 0 1 0 0.061045 0 0 1 0 1 0 > * X]
 -       0.096  * <0 0 0 1 0 1 0.020495 0 0 1 0 1 0 > * X]
 +       1      * <0 0 0 0 1 0 0.014631 0 0 1 0 1 0 > * X]
 -       0.829  * <0 0 0 0 1 1 0.015713 0 0 1 0 1 0 > * X]
 -       1      * <0 0 0 0 1 0 0.015127 0 0 1 0 1 0 > * X]
 -       0.0157 * <0 0 0 0 1 1 0.015713 0 0 1 0 1 0 > * X]
 -       0.0044 * <0 0 0 0 1 1 0.01468 0 0 1 0 1 0 > * X]
 +       1      * <0 0 1 0 0 1 0.05131 0 0 1 0 1 0 > * X]
 -       0.315  * <0 0 0 0 1 1 0.01533 0 0 1 0 1 0 > * X]
 -       1      * <0.125 0.666667 1 0 0 1 0.513342 0 0 1 0 1 0 > * X]
 -       1      * <0 0.333333 0 1 0 1 0.050749 0 0 1 0 1 0 > * X]
 +       1      * <0 0.166667 0 0 1 0 0.01825 0 0 1 0 1 0 > * X]
 -       1      * <0 0 0 0 1 0 0.015127 0 1 0 0 1 0 > * X]
 -       0.0792 * <0 0 0 0 1 1 0.015713 0 0 1 0 1 0 > * X]
 -       1      * <0 0 0 0 1 0 0.015176 0 0 1 0 1 0 > * X]
 +       1      * <0 0 0 0 1 1 0.01533 0 0 1 0 1 0 > * X]
 +       0.6559 * <0.125 0 1 0 0 0 0.28599 1 0 0 0 0 1 > * X]
 -       1      * <0.375 0.333333 1 0 0 1 0.513342 0 0 1 0 1 0 > * X]
 -       0.3694 * <0 0 1 0 0 1 0.065388 0 0 1 0 1 0 > * X]
 -       1      * <0 0 1 0 0 1 0.049943 0 0 1 0 1 0 > * X]
 -       0.256  * <0 0 0 0 1 1 0.015127 0 0 1 0 1 0 > * X]
 +       1      * <0 0 0 0 1 1 0.015127 0 1 0 0 0 1 > * X]
 +       0.4595 * <0 0 0 1 0 0 0.025374 0 0 1 0 1 0 > * X]
 +       1      * <0.125 0.166667 0 0 1 1 0.021731 0 0 1 0 1 0 > * X]
 +       0.2205 * <0 0 0 1 0 0 0.025374 0 0 1 0 1 0 > * X]
 -       1      * <0.125 0 0 0 1 0 0.035134 0 0 1 0 1 0 > * X]
 +       1      * <0 0 0 0 1 1 0.014102 1 0 0 0 1 0 > * X]
 -       1      * <0.125 0 1 0 0 1 0.212559 1 0 0 0 1 0 > * X]
 -       0.1711 * <0 0 0 0 1 1 0.015412 0 0 1 0 1 0 > * X]
 -       0.169  * <0 0 1 0 0 1 0.058556 0 0 1 0 1 0 > * X]
 -       0.3515 * <0 0 0 0 1 1 0.015713 0 0 1 0 1 0 > * X]
 +       0.9776 * <0.375 0.333333 1 0 0 0 0.513342 0 0 1 0 1 0 > * X]
 -       0.08   * <0 0 0 0 1 1 0.015713 0 0 1 0 1 0 > * X]
 -       0.1444 * <0 0 0 0 1 1 0.028302 0 0 1 0 1 0 > * X]
 +       1      * <0 0 0 1 0 1 0.027058 1 0 0 0 0 1 > * X]
 -       0.8454 * <0 0 0 1 0 1 0.025374 0 0 1 0 1 0 > * X]
 -       0.1347 * <0 0 0 0 1 1 0.018543 0 0 1 0 1 0 > * X]
 +       1      * <0.125 0 0 0 1 0 0.021942 1 0 0 0 1 0 > * X]
 +       1      * <0.125 0.166667 0 0 1 0 0.039525 0 0 1 0 1 0 > * X]
 -       0.5928 * <1 0.333333 0 0 1 0 0.135753 0 0 1 0 0 1 > * X]
 -       0.1385 * <0.5 0.166667 0 0 1 1 0.077465 0 0 1 0 1 0 > * X]
 +       1      * <0 0 0 0 1 1 0.110272 0 0 1 0 0 1 > * X]
 +       1      * <0 0 0 0 1 1 0.015412 1 0 0 0 1 0 > * X]
 +       0.0186 * <0.25 0.166667 0 0 1 0 0.03759 1 0 0 1 0 0 > * X]
 -       0.4425 * <0 0 1 0 0 1 0.051822 0 0 1 0 1 0 > * X]
 -       0.0254 * <0 0 0 0 1 1 0.015412 0 0 1 0 1 0 > * X]
 +       1      * <0.375 0 0 1 0 0 0.040989 0 0 1 0 1 0 > * X]
 +       1      * <0 0 0 0 1 1 0.015216 0 0 1 0 1 0 > * X]
 -       1      * <0 0 0 0 1 0 0.01533 0 0 1 0 1 0 > * X]
 +       1      * <0 0 0 1 0 1 0.025374 0 0 1 0 1 0 > * X]
 +       1      * <0 0 0 0 1 1 0.110272 0 0 1 0 1 0 > * X]
 -       0.8963 * <0 0 1 0 0 1 0.051822 0 0 1 0 0 1 > * X]
 -       0.0208 * <0 0 0 1 0 1 0.025374 0 0 1 0 1 0 > * X]
 -       0.0553 * <0 0 1 0 0 1 0.055628 0 0 1 0 1 0 > * X]
 -       0.1614 * <0 0 0 0 1 1 0.015412 0 0 1 0 0 1 > * X]
 +       1      * <0.5 0.333333 0 0 1 0 0.015469 0 0 1 0 1 0 > * X]
 -       1      * <0 0 1 0 0 1 0.078319 1 0 0 0 1 0 > * X]
 -       0.3345 * <0.5 0.333333 0 0 1 0 0.061045 0 0 1 0 1 0 > * X]
 -       0.4577 * <0 0 0 0 1 1 0.019852 0 0 1 0 1 0 > * X]
 -       0.1648 * <0 0 0 0 1 1 0.015412 0 0 1 0 1 0 > * X]
 -       1      * <0 0.666667 0 0 1 0 0.041136 0 0 1 0 1 0 > * X]
 -       0.1824 * <0 0 0 0 1 1 0.031425 0 0 1 0 1 0 > * X]
 -       0.7232 * <0 0 0 0 1 1 0.015176 0 0 1 0 1 0 > * X]
 -       1      * <0.625 0.333333 0 0 1 1 0.091543 0 0 1 0 1 0 > * X]
 -       1      * <0.125 0 0 0 1 0 0.028213 1 0 0 0 1 0 > * X]
 -       1      * <0.125 0.166667 0 0 1 0 0.029758 1 0 0 0 1 0 > * X]
 -       1      * <0 0 0 0 1 0 0.015176 0 0 1 0 1 0 > * X]
 +       1      * <0 0 0 0 1 0 0.015127 0 1 0 0 1 0 > * X]
 -       0.2795 * <0 0 0 0 1 1 0.015469 0 0 1 0 1 0 > * X]
 +       1      * <0 0.333333 1 0 0 1 0.21643 1 0 0 0 1 0 > * X]
 -       1      * <0.125 0.166667 0 1 0 0 0.050749 0 0 1 0 1 0 > * X]
 -       0.6589 * <0 0 0 0 1 1 0.015412 1 0 0 0 1 0 > * X]
 +       1      * <0.125 0.166667 0 0 1 0 0.04364 1 0 0 0 0 1 > * X]
 -       0.0872 * <0 0 0 0 1 1 0.015713 0 0 1 0 1 0 > * X]
 -       0.1205 * <0 0 0 0 1 1 0.015127 0 1 0 0 1 0 > * X]
 +       1      * <0 0.166667 0 0 1 0 0.02435 0 0 1 0 1 0 > * X]
 -       0.1118 * <0 0 0 1 0 1 0.020495 0 0 1 0 1 0 > * X]
 -       0.1189 * <0 0 0 1 0 1 0.022447 0 0 1 0 1 0 > * X]
 -       1      * <0 0 0 0 1 0 0.016908 0 0 1 0 1 0 > * X]
 -       0.0042 * <0 0 0 0 1 1 0.015127 0 1 0 0 0 1 > * X]
 -       0.1697 * <0.5 0.166667 0 0 1 1 0.077465 0 0 1 0 1 0 > * X]
 +       1      * <0.125 0.166667 0 0 1 1 0.031035 0 0 1 0 1 0 > * X]
 -       0.1651 * <0 0 0 1 0 1 0.020495 0 0 1 0 1 0 > * X]
 -       1      * <0 0 1 0 0 1 0 0 0 1 0 1 0 > * X]
 -       0.018  * <0 0 0 1 0 1 0.022447 0 0 1 0 1 0 > * X]
 +       1      * <0 0 1 0 0 1 0.051505 0 0 1 0 1 0 > * X]
 +       1      * <0.125 0 1 0 0 1 0.177775 1 0 0 0 1 0 > * X]
 -       1      * <0 0 0 0 1 0 0.018714 0 0 1 0 1 0 > * X]
 +       1      * <0 0 1 0 0 1 0.058556 1 0 0 0 1 0 > * X]
 -       0.1568 * <0 0 0 0 1 1 0.015412 0 0 1 0 0 1 > * X]
 +       1      * <0.125 0.333333 1 0 0 1 0.234224 0 0 1 0 1 0 > * X]
 +       1      * <0 0 0 0 1 1 0.015713 0 0 1 0 1 0 > * X]
 -       0.4641 * <0.5 0.166667 0 0 1 1 0.077465 0 0 1 0 1 0 > * X]
 -       1      * <0.125 0.166667 1 0 0 1 0.21643 1 0 0 0 1 0 > * X]
 +       1      * <0 0 0 0 1 1 0.015713 0 0 1 0 1 0 > * X]
 -       0.5553 * <0 0 0 0 1 1 0.015713 0 0 1 0 1 0 > * X]
 -       0.1288 * <0.125 0 1 0 0 1 0.153905 0 0 1 0 1 0 > * X]
 +       1      * <0 0 1 0 0 1 1 1 0 0 0 1 0 > * X]
 +       0.4983 * <0 0 0 1 0 0 0.02692 1 0 0 0 1 0 > * X]
 +       1      * <0.125 0 1 0 0 1 0.108215 1 0 0 0 1 0 > * X]
 -       0.5774 * <0 0 0 1 0 1 0.025374 0 0 1 0 1 0 > * X]
 -       0.0847 * <0 0 0 0 1 1 0.015176 0 0 1 0 1 0 > * X]
 -       0.0242 * <0 0 0 0 1 1 0.014932 0 0 1 0 1 0 > * X]
 -       0.0201 * <0 0 0 1 0 1 0.025374 0 0 1 0 1 0 > * X]
 -       0.0745 * <0 0 0 0 1 1 0.014273 0 0 1 0 0 1 > * X]
 +       0.0154 * <0 0 0 0 1 0 0.015127 0 1 0 0 0 1 > * X]
 -       0.2262 * <0 0 0 0 1 1 0.016201 0 0 1 0 1 0 > * X]
 +       1      * <0 0.166667 0 0 1 1 0.02435 0 0 1 0 1 0 > * X]
 +       1      * <0.125 0 0 1 0 1 0.050749 0 0 1 0 1 0 > * X]
 -       0.917  * <0.25 0 0 1 0 1 0.143462 0 0 1 0 1 0 > * X]
 -       0.5587 * <0 0 0 0 1 1 0.01851 0 0 1 0 1 0 > * X]
 -       0.354  * <0 0 0 0 1 1 0.015176 0 0 1 0 1 0 > * X]
 -       0.1849 * <0 0 0 0 1 1 0.015412 0 0 1 0 0 1 > * X]
 +       0.6915 * <0 0.333333 0 0 1 0 0.029758 1 0 0 0 1 0 > * X]
 +       0.0961 * <0 0 0 0 1 0 0.015127 0 1 0 0 0 1 > * X]
 -       0.0453 * <0.5 0.166667 0 0 1 1 0.056848 0 1 0 0 1 0 > * X]
 +       1      * <0.125 0.166667 1 0 0 1 0.102579 0 0 1 0 1 0 > * X]
 -       0.5338 * <0 0 0 0 1 1 0.015713 0 0 1 0 1 0 > * X]
 -       0.02   * <0 0 0 0 1 1 0.01533 0 0 1 0 1 0 > * X]
 -       0.3168 * <0 0 0 0 1 1 0.015127 0 1 0 0 1 0 > * X]
 +       0.3988 * <0.375 0.333333 1 0 0 0 0.513342 0 0 1 0 1 0 > * X]
 -       0.1143 * <0.125 0.333333 0 0 1 1 0.045771 0 0 1 0 0 1 > * X]
 +       1      * <0 0 0 0 1 1 0.110272 0 0 1 0 0 1 > * X]
 -       1      * <0.125 0 1 0 0 1 0.207728 1 0 0 0 1 0 > * X]
 -       0.0977 * <0 0 0 0 1 1 0.015412 0 0 1 0 1 0 > * X]
 +       1      * <0.125 0.333333 1 0 0 1 0.295806 0 0 1 1 0 0 > * X]
 -       0.9393 * <0 0 0 0 1 1 0.014102 1 0 0 0 0 1 > * X]
 -       1      * <0 0 0 0 1 0 0.028221 1 0 0 0 1 0 > * X]
 -       1      * <0 0.166667 0 0 1 0 0.028213 1 0 0 0 1 0 > * X]
 +       0.8388 * <0 0 0 1 0 0 0.025374 0 0 1 0 1 0 > * X]
 -       1      * <0 0 0 1 0 0 0.020495 0 0 1 0 1 0 > * X]
 +       1      * <0 0.166667 0 0 1 1 0.016623 1 0 0 1 0 0 > * X]
 +       1      * <0 0 0 0 1 0 0.02435 0 0 1 0 1 0 > * X]
 -       1      * <0 0.166667 1 0 0 1 0.483128 1 0 0 0 1 0 > * X]
 +       1      * <0 0 0 0 1 0 0.015379 0 1 0 0 1 0 > * X]
 -       0.5012 * <0 0 0 0 1 1 0.018543 0 0 1 0 1 0 > * X]
 +       1      * <0.125 0.166667 0 0 1 1 0.029758 1 0 0 0 0 1 > * X]
 -       0.0928 * <0 0 0 0 1 1 0.014151 0 0 1 0 1 0 > * X]
 -       0.6498 * <0.5 0.166667 0 0 1 1 0.077465 0 0 1 1 0 0 > * X]
 +       1      * <0.25 0 1 0 0 1 0.260867 0 0 1 0 1 0 > * X]
 -       0.0679

Number of support vectors: 601

Number of kernel evaluations: 390053 (94.203% cached)



Time taken to build model: 0.86 seconds
Time taken to test model on training data: 0.15 seconds

=== Error on training data ===

Correctly Classified Instances         735               82.4916 %
Incorrectly Classified Instances       156               17.5084 %
Kappa statistic                          0.6064
Mean absolute error                      0.1751
Root mean squared error                  0.4184
Relative absolute error                 37.0099 %
Root relative squared error             86.0403 %
Total Number of Instances              891     


=== Confusion Matrix ===

   a   b   <-- classified as
 525  24 |   a = 0
 132 210 |   b = 1



=== Stratified cross-validation ===

Correctly Classified Instances         721               80.9203 %
Incorrectly Classified Instances       170               19.0797 %
Kappa statistic                          0.5691
Mean absolute error                      0.1908
Root mean squared error                  0.4368
Relative absolute error                 40.3305 %
Root relative squared error             89.8175 %
Total Number of Instances              891     


=== Confusion Matrix ===

   a   b   <-- classified as
 522  27 |   a = 0
 143 199 |   b = 1

